{"/Users/laraamadeo/workspace/isdi-parttime-202303/staff/lara-amadeo/project/api/logic/addMealToCart.spec.js":{"path":"/Users/laraamadeo/workspace/isdi-parttime-202303/staff/lara-amadeo/project/api/logic/addMealToCart.spec.js","statementMap":{"0":{"start":{"line":1,"column":15},"end":{"line":1,"column":32}},"1":{"start":{"line":2,"column":0},"end":{"line":2,"column":15}},"2":{"start":{"line":3,"column":19},"end":{"line":3,"column":34}},"3":{"start":{"line":4,"column":21},"end":{"line":4,"column":37}},"4":{"start":{"line":5,"column":17},"end":{"line":5,"column":36}},"5":{"start":{"line":7,"column":26},"end":{"line":7,"column":45}},"6":{"start":{"line":8,"column":48},"end":{"line":8,"column":75}},"7":{"start":{"line":10,"column":23},"end":{"line":10,"column":48}},"8":{"start":{"line":12,"column":50},"end":{"line":12,"column":70}},"9":{"start":{"line":14,"column":0},"end":{"line":115,"column":2}},"10":{"start":{"line":15,"column":4},"end":{"line":17,"column":6}},"11":{"start":{"line":16,"column":8},"end":{"line":16,"column":55}},"12":{"start":{"line":21,"column":4},"end":{"line":38,"column":6}},"13":{"start":{"line":22,"column":8},"end":{"line":22,"column":23}},"14":{"start":{"line":24,"column":8},"end":{"line":24,"column":48}},"15":{"start":{"line":26,"column":8},"end":{"line":36,"column":10}},"16":{"start":{"line":37,"column":8},"end":{"line":37,"column":25}},"17":{"start":{"line":40,"column":4},"end":{"line":42,"column":6}},"18":{"start":{"line":41,"column":8},"end":{"line":41,"column":23}},"19":{"start":{"line":44,"column":4},"end":{"line":46,"column":6}},"20":{"start":{"line":45,"column":8},"end":{"line":45,"column":35}},"21":{"start":{"line":48,"column":4},"end":{"line":57,"column":6}},"22":{"start":{"line":49,"column":8},"end":{"line":49,"column":72}},"23":{"start":{"line":51,"column":28},"end":{"line":51,"column":57}},"24":{"start":{"line":52,"column":8},"end":{"line":52,"column":52}},"25":{"start":{"line":54,"column":25},"end":{"line":54,"column":44}},"26":{"start":{"line":55,"column":8},"end":{"line":55,"column":70}},"27":{"start":{"line":56,"column":8},"end":{"line":56,"column":45}},"28":{"start":{"line":59,"column":4},"end":{"line":75,"column":6}},"29":{"start":{"line":60,"column":8},"end":{"line":64,"column":10}},"30":{"start":{"line":65,"column":8},"end":{"line":65,"column":25}},"31":{"start":{"line":67,"column":8},"end":{"line":67,"column":69}},"32":{"start":{"line":69,"column":28},"end":{"line":69,"column":57}},"33":{"start":{"line":70,"column":8},"end":{"line":70,"column":52}},"34":{"start":{"line":72,"column":25},"end":{"line":72,"column":44}},"35":{"start":{"line":73,"column":8},"end":{"line":73,"column":70}},"36":{"start":{"line":74,"column":8},"end":{"line":74,"column":45}},"37":{"start":{"line":77,"column":4},"end":{"line":85,"column":6}},"38":{"start":{"line":78,"column":34},"end":{"line":78,"column":63}},"39":{"start":{"line":79,"column":8},"end":{"line":84,"column":9}},"40":{"start":{"line":80,"column":12},"end":{"line":80,"column":85}},"41":{"start":{"line":82,"column":12},"end":{"line":82,"column":58}},"42":{"start":{"line":83,"column":12},"end":{"line":83,"column":81}},"43":{"start":{"line":87,"column":4},"end":{"line":95,"column":6}},"44":{"start":{"line":88,"column":34},"end":{"line":88,"column":63}},"45":{"start":{"line":89,"column":8},"end":{"line":94,"column":9}},"46":{"start":{"line":90,"column":12},"end":{"line":90,"column":85}},"47":{"start":{"line":92,"column":12},"end":{"line":92,"column":58}},"48":{"start":{"line":93,"column":12},"end":{"line":93,"column":81}},"49":{"start":{"line":97,"column":4},"end":{"line":114,"column":6}},"50":{"start":{"line":98,"column":8},"end":{"line":102,"column":10}},"51":{"start":{"line":103,"column":8},"end":{"line":103,"column":25}},"52":{"start":{"line":105,"column":33},"end":{"line":105,"column":34}},"53":{"start":{"line":106,"column":8},"end":{"line":106,"column":87}},"54":{"start":{"line":108,"column":28},"end":{"line":108,"column":57}},"55":{"start":{"line":109,"column":8},"end":{"line":109,"column":52}},"56":{"start":{"line":111,"column":25},"end":{"line":111,"column":44}},"57":{"start":{"line":112,"column":8},"end":{"line":112,"column":70}},"58":{"start":{"line":113,"column":8},"end":{"line":113,"column":64}}},"fnMap":{"0":{"name":"(anonymous_0)","decl":{"start":{"line":14,"column":26},"end":{"line":14,"column":27}},"loc":{"start":{"line":14,"column":32},"end":{"line":115,"column":1}},"line":14},"1":{"name":"(anonymous_1)","decl":{"start":{"line":15,"column":11},"end":{"line":15,"column":12}},"loc":{"start":{"line":15,"column":23},"end":{"line":17,"column":5}},"line":15},"2":{"name":"(anonymous_2)","decl":{"start":{"line":21,"column":15},"end":{"line":21,"column":16}},"loc":{"start":{"line":21,"column":27},"end":{"line":38,"column":5}},"line":21},"3":{"name":"(anonymous_3)","decl":{"start":{"line":40,"column":14},"end":{"line":40,"column":15}},"loc":{"start":{"line":40,"column":26},"end":{"line":42,"column":5}},"line":40},"4":{"name":"(anonymous_4)","decl":{"start":{"line":44,"column":10},"end":{"line":44,"column":11}},"loc":{"start":{"line":44,"column":22},"end":{"line":46,"column":5}},"line":44},"5":{"name":"(anonymous_5)","decl":{"start":{"line":48,"column":45},"end":{"line":48,"column":46}},"loc":{"start":{"line":48,"column":57},"end":{"line":57,"column":5}},"line":48},"6":{"name":"(anonymous_6)","decl":{"start":{"line":59,"column":78},"end":{"line":59,"column":79}},"loc":{"start":{"line":59,"column":90},"end":{"line":75,"column":5}},"line":59},"7":{"name":"(anonymous_7)","decl":{"start":{"line":77,"column":56},"end":{"line":77,"column":57}},"loc":{"start":{"line":77,"column":68},"end":{"line":85,"column":5}},"line":77},"8":{"name":"(anonymous_8)","decl":{"start":{"line":87,"column":56},"end":{"line":87,"column":57}},"loc":{"start":{"line":87,"column":68},"end":{"line":95,"column":5}},"line":87},"9":{"name":"(anonymous_9)","decl":{"start":{"line":97,"column":80},"end":{"line":97,"column":81}},"loc":{"start":{"line":97,"column":92},"end":{"line":114,"column":5}},"line":97}},"branchMap":{},"s":{"0":1,"1":1,"2":1,"3":1,"4":1,"5":1,"6":1,"7":1,"8":1,"9":1,"10":1,"11":1,"12":1,"13":5,"14":5,"15":5,"16":5,"17":1,"18":5,"19":1,"20":1,"21":1,"22":1,"23":1,"24":1,"25":1,"26":1,"27":1,"28":1,"29":1,"30":1,"31":1,"32":1,"33":1,"34":1,"35":1,"36":1,"37":1,"38":1,"39":1,"40":1,"41":1,"42":1,"43":1,"44":1,"45":1,"46":1,"47":1,"48":1,"49":1,"50":1,"51":1,"52":1,"53":1,"54":1,"55":1,"56":1,"57":1,"58":1},"f":{"0":1,"1":1,"2":5,"3":5,"4":1,"5":1,"6":1,"7":1,"8":1,"9":1},"b":{},"_coverageSchema":"1a1c01bbd47fc00a2c39e90264f33305004495a9","hash":"b6758d4b026e5df7c62f0bfe0a9f97c11d4d291c","contentHash":"9d94966438896cb0e44ae5d10b06116857f03d5a466faeeaace0da31f5b4f603"},"/Users/laraamadeo/workspace/isdi-parttime-202303/staff/lara-amadeo/project/api/logic/index.js":{"path":"/Users/laraamadeo/workspace/isdi-parttime-202303/staff/lara-amadeo/project/api/logic/index.js","statementMap":{"0":{"start":{"line":2,"column":0},"end":{"line":26,"column":1}}},"fnMap":{},"branchMap":{},"s":{"0":1},"f":{},"b":{},"_coverageSchema":"1a1c01bbd47fc00a2c39e90264f33305004495a9","hash":"cdca60dec61a751ec34a2f764f615422ca31505c","contentHash":"783d0fe9d387ae61e9ec90ac6807df145b62ab0a3f198ae488ef913aeaf06be9"},"/Users/laraamadeo/workspace/isdi-parttime-202303/staff/lara-amadeo/project/api/logic/registerUser.js":{"path":"/Users/laraamadeo/workspace/isdi-parttime-202303/staff/lara-amadeo/project/api/logic/registerUser.js","statementMap":{"0":{"start":{"line":1,"column":102},"end":{"line":1,"column":122}},"1":{"start":{"line":2,"column":17},"end":{"line":2,"column":42}},"2":{"start":{"line":11,"column":0},"end":{"line":28,"column":1}},"3":{"start":{"line":13,"column":4},"end":{"line":13,"column":26}},"4":{"start":{"line":14,"column":4},"end":{"line":14,"column":24}},"5":{"start":{"line":15,"column":4},"end":{"line":15,"column":30}},"6":{"start":{"line":17,"column":4},"end":{"line":27,"column":8}},"7":{"start":{"line":18,"column":8},"end":{"line":26,"column":9}},"8":{"start":{"line":19,"column":25},"end":{"line":19,"column":79}},"9":{"start":{"line":20,"column":12},"end":{"line":20,"column":26}},"10":{"start":{"line":22,"column":12},"end":{"line":23,"column":83}},"11":{"start":{"line":23,"column":16},"end":{"line":23,"column":83}},"12":{"start":{"line":25,"column":12},"end":{"line":25,"column":23}}},"fnMap":{"0":{"name":"registerUser","decl":{"start":{"line":11,"column":26},"end":{"line":11,"column":38}},"loc":{"start":{"line":11,"column":72},"end":{"line":28,"column":1}},"line":11},"1":{"name":"(anonymous_1)","decl":{"start":{"line":17,"column":12},"end":{"line":17,"column":13}},"loc":{"start":{"line":17,"column":24},"end":{"line":27,"column":5}},"line":17}},"branchMap":{"0":{"loc":{"start":{"line":22,"column":12},"end":{"line":23,"column":83}},"type":"if","locations":[{"start":{"line":22,"column":12},"end":{"line":23,"column":83}},{"start":{"line":22,"column":12},"end":{"line":23,"column":83}}],"line":22}},"s":{"0":1,"1":1,"2":1,"3":8,"4":6,"5":4,"6":3,"7":3,"8":3,"9":2,"10":1,"11":1,"12":0},"f":{"0":8,"1":3},"b":{"0":[1,0]},"_coverageSchema":"1a1c01bbd47fc00a2c39e90264f33305004495a9","hash":"474b3b64d8825ac0086025b3fd2e81eaae1aff46","contentHash":"ae665307ca3ff2f90e6770b910fba7e8dea7eb700b0cee588a4c510bbd614826"},"/Users/laraamadeo/workspace/isdi-parttime-202303/staff/lara-amadeo/project/api/data/models.js":{"path":"/Users/laraamadeo/workspace/isdi-parttime-202303/staff/lara-amadeo/project/api/data/models.js","statementMap":{"0":{"start":{"line":1,"column":17},"end":{"line":1,"column":36}},"1":{"start":{"line":3,"column":59},"end":{"line":3,"column":67}},"2":{"start":{"line":5,"column":13},"end":{"line":21,"column":2}},"3":{"start":{"line":23,"column":14},"end":{"line":42,"column":2}},"4":{"start":{"line":44,"column":18},"end":{"line":71,"column":2}},"5":{"start":{"line":73,"column":13},"end":{"line":133,"column":2}},"6":{"start":{"line":135,"column":13},"end":{"line":181,"column":2}},"7":{"start":{"line":183,"column":13},"end":{"line":183,"column":32}},"8":{"start":{"line":184,"column":13},"end":{"line":184,"column":32}},"9":{"start":{"line":186,"column":13},"end":{"line":186,"column":32}},"10":{"start":{"line":187,"column":14},"end":{"line":187,"column":35}},"11":{"start":{"line":188,"column":18},"end":{"line":188,"column":47}},"12":{"start":{"line":190,"column":0},"end":{"line":196,"column":1}}},"fnMap":{},"branchMap":{},"s":{"0":1,"1":1,"2":1,"3":1,"4":1,"5":1,"6":1,"7":1,"8":1,"9":1,"10":1,"11":1,"12":1},"f":{},"b":{},"_coverageSchema":"1a1c01bbd47fc00a2c39e90264f33305004495a9","hash":"f40cd39a9ae19c7ec67ba6158933ebda1d31f31f","contentHash":"c6da8fcb7e920ed190d11ff2781498ba29cdafad924319f228b2774c752e53d7"},"/Users/laraamadeo/workspace/isdi-parttime-202303/staff/lara-amadeo/project/api/logic/authenticateUser.js":{"path":"/Users/laraamadeo/workspace/isdi-parttime-202303/staff/lara-amadeo/project/api/logic/authenticateUser.js","statementMap":{"0":{"start":{"line":1,"column":50},"end":{"line":1,"column":70}},"1":{"start":{"line":2,"column":44},"end":{"line":2,"column":75}},"2":{"start":{"line":3,"column":17},"end":{"line":3,"column":42}},"3":{"start":{"line":12,"column":0},"end":{"line":25,"column":1}},"4":{"start":{"line":13,"column":4},"end":{"line":13,"column":24}},"5":{"start":{"line":14,"column":4},"end":{"line":14,"column":30}},"6":{"start":{"line":16,"column":4},"end":{"line":24,"column":8}},"7":{"start":{"line":17,"column":21},"end":{"line":17,"column":50}},"8":{"start":{"line":19,"column":8},"end":{"line":19,"column":81}},"9":{"start":{"line":19,"column":19},"end":{"line":19,"column":81}},"10":{"start":{"line":21,"column":8},"end":{"line":21,"column":90}},"11":{"start":{"line":21,"column":40},"end":{"line":21,"column":90}},"12":{"start":{"line":23,"column":8},"end":{"line":23,"column":22}}},"fnMap":{"0":{"name":"authenticateUser","decl":{"start":{"line":12,"column":26},"end":{"line":12,"column":42}},"loc":{"start":{"line":12,"column":60},"end":{"line":25,"column":1}},"line":12},"1":{"name":"(anonymous_1)","decl":{"start":{"line":16,"column":12},"end":{"line":16,"column":13}},"loc":{"start":{"line":16,"column":24},"end":{"line":24,"column":5}},"line":16}},"branchMap":{"0":{"loc":{"start":{"line":19,"column":8},"end":{"line":19,"column":81}},"type":"if","locations":[{"start":{"line":19,"column":8},"end":{"line":19,"column":81}},{"start":{"line":19,"column":8},"end":{"line":19,"column":81}}],"line":19},"1":{"loc":{"start":{"line":21,"column":8},"end":{"line":21,"column":90}},"type":"if","locations":[{"start":{"line":21,"column":8},"end":{"line":21,"column":90}},{"start":{"line":21,"column":8},"end":{"line":21,"column":90}}],"line":21}},"s":{"0":1,"1":1,"2":1,"3":1,"4":3,"5":3,"6":3,"7":3,"8":3,"9":1,"10":2,"11":1,"12":1},"f":{"0":3,"1":3},"b":{"0":[1,2],"1":[1,1]},"_coverageSchema":"1a1c01bbd47fc00a2c39e90264f33305004495a9","hash":"3a01d339896096be09cfd0b90507d478f284e08f","contentHash":"e07dfbbf9a1ad2a58537bd13193d92f655ad6b148a7657485b012fd9acc90634"},"/Users/laraamadeo/workspace/isdi-parttime-202303/staff/lara-amadeo/project/api/logic/registerAdditionalInfo.js":{"path":"/Users/laraamadeo/workspace/isdi-parttime-202303/staff/lara-amadeo/project/api/logic/registerAdditionalInfo.js","statementMap":{"0":{"start":{"line":1,"column":85},"end":{"line":1,"column":105}},"1":{"start":{"line":2,"column":17},"end":{"line":2,"column":42}},"2":{"start":{"line":13,"column":0},"end":{"line":25,"column":1}},"3":{"start":{"line":15,"column":4},"end":{"line":15,"column":29}},"4":{"start":{"line":16,"column":4},"end":{"line":16,"column":26}},"5":{"start":{"line":18,"column":4},"end":{"line":24,"column":8}},"6":{"start":{"line":20,"column":21},"end":{"line":20,"column":48}},"7":{"start":{"line":21,"column":8},"end":{"line":21,"column":79}},"8":{"start":{"line":21,"column":19},"end":{"line":21,"column":79}},"9":{"start":{"line":23,"column":8},"end":{"line":23,"column":100}}},"fnMap":{"0":{"name":"registerAdditionalInfo","decl":{"start":{"line":13,"column":26},"end":{"line":13,"column":48}},"loc":{"start":{"line":13,"column":108},"end":{"line":25,"column":1}},"line":13},"1":{"name":"(anonymous_1)","decl":{"start":{"line":18,"column":12},"end":{"line":18,"column":13}},"loc":{"start":{"line":18,"column":24},"end":{"line":24,"column":5}},"line":18}},"branchMap":{"0":{"loc":{"start":{"line":21,"column":8},"end":{"line":21,"column":79}},"type":"if","locations":[{"start":{"line":21,"column":8},"end":{"line":21,"column":79}},{"start":{"line":21,"column":8},"end":{"line":21,"column":79}}],"line":21}},"s":{"0":1,"1":1,"2":1,"3":2,"4":2,"5":2,"6":2,"7":2,"8":1,"9":1},"f":{"0":2,"1":2},"b":{"0":[1,1]},"_coverageSchema":"1a1c01bbd47fc00a2c39e90264f33305004495a9","hash":"139d88d748a4d3321a965f348a259f95e412b623","contentHash":"90a9dbed8017841e2c824de513195bb2eace100c3ca7dca863a495d3739492df"},"/Users/laraamadeo/workspace/isdi-parttime-202303/staff/lara-amadeo/project/api/logic/createMeal.js":{"path":"/Users/laraamadeo/workspace/isdi-parttime-202303/staff/lara-amadeo/project/api/logic/createMeal.js","statementMap":{"0":{"start":{"line":1,"column":50},"end":{"line":1,"column":70}},"1":{"start":{"line":2,"column":25},"end":{"line":2,"column":56}},"2":{"start":{"line":3,"column":23},"end":{"line":3,"column":48}},"3":{"start":{"line":18,"column":0},"end":{"line":39,"column":1}},"4":{"start":{"line":19,"column":4},"end":{"line":19,"column":29}},"5":{"start":{"line":20,"column":4},"end":{"line":20,"column":23}},"6":{"start":{"line":22,"column":4},"end":{"line":38,"column":8}},"7":{"start":{"line":23,"column":21},"end":{"line":23,"column":48}},"8":{"start":{"line":25,"column":8},"end":{"line":25,"column":79}},"9":{"start":{"line":25,"column":19},"end":{"line":25,"column":79}},"10":{"start":{"line":27,"column":8},"end":{"line":37,"column":10}}},"fnMap":{"0":{"name":"createMeal","decl":{"start":{"line":18,"column":26},"end":{"line":18,"column":36}},"loc":{"start":{"line":18,"column":127},"end":{"line":39,"column":1}},"line":18},"1":{"name":"(anonymous_1)","decl":{"start":{"line":22,"column":12},"end":{"line":22,"column":13}},"loc":{"start":{"line":22,"column":24},"end":{"line":38,"column":5}},"line":22}},"branchMap":{"0":{"loc":{"start":{"line":25,"column":8},"end":{"line":25,"column":79}},"type":"if","locations":[{"start":{"line":25,"column":8},"end":{"line":25,"column":79}},{"start":{"line":25,"column":8},"end":{"line":25,"column":79}}],"line":25}},"s":{"0":1,"1":1,"2":1,"3":1,"4":2,"5":2,"6":2,"7":2,"8":2,"9":1,"10":1},"f":{"0":2,"1":2},"b":{"0":[1,1]},"_coverageSchema":"1a1c01bbd47fc00a2c39e90264f33305004495a9","hash":"818d45440bb26a92732721d8e42756227ae04009","contentHash":"b88bca4cafb4145acad8f0abd54d446508a0fe3ecf32a9498d38024e500857a9"},"/Users/laraamadeo/workspace/isdi-parttime-202303/staff/lara-amadeo/project/api/logic/retrieveMeals.js":{"path":"/Users/laraamadeo/workspace/isdi-parttime-202303/staff/lara-amadeo/project/api/logic/retrieveMeals.js","statementMap":{"0":{"start":{"line":1,"column":23},"end":{"line":1,"column":48}},"1":{"start":{"line":2,"column":39},"end":{"line":2,"column":59}},"2":{"start":{"line":9,"column":0},"end":{"line":31,"column":1}},"3":{"start":{"line":11,"column":17},"end":{"line":11,"column":44}},"4":{"start":{"line":13,"column":4},"end":{"line":13,"column":75}},"5":{"start":{"line":13,"column":15},"end":{"line":13,"column":75}},"6":{"start":{"line":15,"column":18},"end":{"line":15,"column":116}},"7":{"start":{"line":16,"column":4},"end":{"line":26,"column":6}},"8":{"start":{"line":18,"column":8},"end":{"line":18,"column":37}},"9":{"start":{"line":20,"column":8},"end":{"line":20,"column":23}},"10":{"start":{"line":22,"column":8},"end":{"line":25,"column":9}},"11":{"start":{"line":23,"column":12},"end":{"line":23,"column":55}},"12":{"start":{"line":24,"column":12},"end":{"line":24,"column":34}},"13":{"start":{"line":28,"column":26},"end":{"line":28,"column":73}},"14":{"start":{"line":28,"column":47},"end":{"line":28,"column":72}},"15":{"start":{"line":30,"column":4},"end":{"line":30,"column":24}}},"fnMap":{"0":{"name":"retrieveMeals","decl":{"start":{"line":9,"column":32},"end":{"line":9,"column":45}},"loc":{"start":{"line":9,"column":54},"end":{"line":31,"column":1}},"line":9},"1":{"name":"(anonymous_1)","decl":{"start":{"line":16,"column":18},"end":{"line":16,"column":19}},"loc":{"start":{"line":16,"column":26},"end":{"line":26,"column":5}},"line":16},"2":{"name":"(anonymous_2)","decl":{"start":{"line":28,"column":39},"end":{"line":28,"column":40}},"loc":{"start":{"line":28,"column":47},"end":{"line":28,"column":72}},"line":28}},"branchMap":{"0":{"loc":{"start":{"line":13,"column":4},"end":{"line":13,"column":75}},"type":"if","locations":[{"start":{"line":13,"column":4},"end":{"line":13,"column":75}},{"start":{"line":13,"column":4},"end":{"line":13,"column":75}}],"line":13},"1":{"loc":{"start":{"line":22,"column":8},"end":{"line":25,"column":9}},"type":"if","locations":[{"start":{"line":22,"column":8},"end":{"line":25,"column":9}},{"start":{"line":22,"column":8},"end":{"line":25,"column":9}}],"line":22}},"s":{"0":1,"1":1,"2":1,"3":2,"4":2,"5":1,"6":1,"7":1,"8":3,"9":3,"10":3,"11":2,"12":2,"13":1,"14":3,"15":1},"f":{"0":2,"1":3,"2":3},"b":{"0":[1,1],"1":[2,1]},"_coverageSchema":"1a1c01bbd47fc00a2c39e90264f33305004495a9","hash":"3a7a6f1753db030440bcd67c82b1896b31bc11e6","contentHash":"22b4216ea9724a5fbc1ca60886ede51f1d625a83bf039592c803510dd0c47590"},"/Users/laraamadeo/workspace/isdi-parttime-202303/staff/lara-amadeo/project/api/logic/retrieveUser.js":{"path":"/Users/laraamadeo/workspace/isdi-parttime-202303/staff/lara-amadeo/project/api/logic/retrieveUser.js","statementMap":{"0":{"start":{"line":1,"column":39},"end":{"line":1,"column":59}},"1":{"start":{"line":2,"column":17},"end":{"line":2,"column":42}},"2":{"start":{"line":9,"column":0},"end":{"line":18,"column":1}},"3":{"start":{"line":10,"column":22},"end":{"line":10,"column":49}},"4":{"start":{"line":11,"column":4},"end":{"line":11,"column":80}},"5":{"start":{"line":11,"column":20},"end":{"line":11,"column":80}},"6":{"start":{"line":13,"column":116},"end":{"line":13,"column":125}},"7":{"start":{"line":15,"column":17},"end":{"line":15,"column":120}},"8":{"start":{"line":17,"column":4},"end":{"line":17,"column":15}}},"fnMap":{"0":{"name":"retrieveUser","decl":{"start":{"line":9,"column":32},"end":{"line":9,"column":44}},"loc":{"start":{"line":9,"column":53},"end":{"line":18,"column":1}},"line":9}},"branchMap":{"0":{"loc":{"start":{"line":11,"column":4},"end":{"line":11,"column":80}},"type":"if","locations":[{"start":{"line":11,"column":4},"end":{"line":11,"column":80}},{"start":{"line":11,"column":4},"end":{"line":11,"column":80}}],"line":11}},"s":{"0":1,"1":1,"2":1,"3":2,"4":2,"5":1,"6":1,"7":1,"8":1},"f":{"0":2},"b":{"0":[1,1]},"_coverageSchema":"1a1c01bbd47fc00a2c39e90264f33305004495a9","hash":"1ce2b4ee4da1508996d40aa59b77119802a4a551","contentHash":"18054e02b82d009fc92bd9a52113f2232189dfdf5102558f23a56c8405c84f5f"},"/Users/laraamadeo/workspace/isdi-parttime-202303/staff/lara-amadeo/project/api/logic/retrieveMeal.js":{"path":"/Users/laraamadeo/workspace/isdi-parttime-202303/staff/lara-amadeo/project/api/logic/retrieveMeal.js","statementMap":{"0":{"start":{"line":1,"column":23},"end":{"line":1,"column":48}},"1":{"start":{"line":2,"column":50},"end":{"line":2,"column":70}},"2":{"start":{"line":9,"column":0},"end":{"line":21,"column":1}},"3":{"start":{"line":10,"column":17},"end":{"line":10,"column":107}},"4":{"start":{"line":12,"column":4},"end":{"line":12,"column":33}},"5":{"start":{"line":14,"column":4},"end":{"line":14,"column":19}},"6":{"start":{"line":17,"column":4},"end":{"line":17,"column":47}},"7":{"start":{"line":18,"column":4},"end":{"line":18,"column":26}},"8":{"start":{"line":20,"column":4},"end":{"line":20,"column":15}}},"fnMap":{"0":{"name":"retrieveMeal","decl":{"start":{"line":9,"column":32},"end":{"line":9,"column":44}},"loc":{"start":{"line":9,"column":53},"end":{"line":21,"column":1}},"line":9}},"branchMap":{},"s":{"0":1,"1":1,"2":1,"3":1,"4":1,"5":1,"6":1,"7":1,"8":1},"f":{"0":1},"b":{},"_coverageSchema":"1a1c01bbd47fc00a2c39e90264f33305004495a9","hash":"39f0b63366a1001929db7f41a31c08e07ec48d0a","contentHash":"a29cb60edbf4acdfce7992810dc0859e56d7ba9f814df58857ef75994a947169"},"/Users/laraamadeo/workspace/isdi-parttime-202303/staff/lara-amadeo/project/api/logic/retrieveOwnMeals.js":{"path":"/Users/laraamadeo/workspace/isdi-parttime-202303/staff/lara-amadeo/project/api/logic/retrieveOwnMeals.js","statementMap":{"0":{"start":{"line":1,"column":23},"end":{"line":1,"column":48}},"1":{"start":{"line":2,"column":39},"end":{"line":2,"column":59}},"2":{"start":{"line":9,"column":0},"end":{"line":25,"column":1}},"3":{"start":{"line":11,"column":17},"end":{"line":11,"column":44}},"4":{"start":{"line":13,"column":4},"end":{"line":13,"column":75}},"5":{"start":{"line":13,"column":15},"end":{"line":13,"column":75}},"6":{"start":{"line":15,"column":18},"end":{"line":15,"column":60}},"7":{"start":{"line":17,"column":4},"end":{"line":22,"column":6}},"8":{"start":{"line":19,"column":8},"end":{"line":19,"column":37}},"9":{"start":{"line":21,"column":8},"end":{"line":21,"column":23}},"10":{"start":{"line":24,"column":4},"end":{"line":24,"column":16}}},"fnMap":{"0":{"name":"retrieveOwnMeals","decl":{"start":{"line":9,"column":32},"end":{"line":9,"column":48}},"loc":{"start":{"line":9,"column":57},"end":{"line":25,"column":1}},"line":9},"1":{"name":"(anonymous_1)","decl":{"start":{"line":17,"column":18},"end":{"line":17,"column":19}},"loc":{"start":{"line":17,"column":26},"end":{"line":22,"column":5}},"line":17}},"branchMap":{"0":{"loc":{"start":{"line":13,"column":4},"end":{"line":13,"column":75}},"type":"if","locations":[{"start":{"line":13,"column":4},"end":{"line":13,"column":75}},{"start":{"line":13,"column":4},"end":{"line":13,"column":75}}],"line":13}},"s":{"0":1,"1":1,"2":1,"3":2,"4":2,"5":1,"6":1,"7":1,"8":1,"9":1,"10":1},"f":{"0":2,"1":1},"b":{"0":[1,1]},"_coverageSchema":"1a1c01bbd47fc00a2c39e90264f33305004495a9","hash":"5cf3818871487f087929413c254fe160d9ce4931","contentHash":"94bbe4969920493b505d3e66a2e63e11b0d58cd0d9427fe34d0bde9303e428d8"},"/Users/laraamadeo/workspace/isdi-parttime-202303/staff/lara-amadeo/project/api/logic/updateMeal.js":{"path":"/Users/laraamadeo/workspace/isdi-parttime-202303/staff/lara-amadeo/project/api/logic/updateMeal.js","statementMap":{"0":{"start":{"line":1,"column":23},"end":{"line":1,"column":48}},"1":{"start":{"line":2,"column":50},"end":{"line":2,"column":70}},"2":{"start":{"line":17,"column":0},"end":{"line":38,"column":1}},"3":{"start":{"line":19,"column":4},"end":{"line":37,"column":8}},"4":{"start":{"line":20,"column":21},"end":{"line":20,"column":48}},"5":{"start":{"line":21,"column":8},"end":{"line":21,"column":79}},"6":{"start":{"line":21,"column":19},"end":{"line":21,"column":79}},"7":{"start":{"line":23,"column":21},"end":{"line":23,"column":48}},"8":{"start":{"line":24,"column":8},"end":{"line":24,"column":79}},"9":{"start":{"line":24,"column":19},"end":{"line":24,"column":79}},"10":{"start":{"line":26,"column":8},"end":{"line":26,"column":116}},"11":{"start":{"line":26,"column":47},"end":{"line":26,"column":116}},"12":{"start":{"line":28,"column":8},"end":{"line":36,"column":10}}},"fnMap":{"0":{"name":"updateMeal","decl":{"start":{"line":17,"column":26},"end":{"line":17,"column":36}},"loc":{"start":{"line":17,"column":125},"end":{"line":38,"column":1}},"line":17},"1":{"name":"(anonymous_1)","decl":{"start":{"line":19,"column":12},"end":{"line":19,"column":13}},"loc":{"start":{"line":19,"column":24},"end":{"line":37,"column":5}},"line":19}},"branchMap":{"0":{"loc":{"start":{"line":21,"column":8},"end":{"line":21,"column":79}},"type":"if","locations":[{"start":{"line":21,"column":8},"end":{"line":21,"column":79}},{"start":{"line":21,"column":8},"end":{"line":21,"column":79}}],"line":21},"1":{"loc":{"start":{"line":24,"column":8},"end":{"line":24,"column":79}},"type":"if","locations":[{"start":{"line":24,"column":8},"end":{"line":24,"column":79}},{"start":{"line":24,"column":8},"end":{"line":24,"column":79}}],"line":24},"2":{"loc":{"start":{"line":26,"column":8},"end":{"line":26,"column":116}},"type":"if","locations":[{"start":{"line":26,"column":8},"end":{"line":26,"column":116}},{"start":{"line":26,"column":8},"end":{"line":26,"column":116}}],"line":26}},"s":{"0":1,"1":1,"2":1,"3":4,"4":4,"5":4,"6":1,"7":3,"8":3,"9":1,"10":2,"11":1,"12":1},"f":{"0":4,"1":4},"b":{"0":[1,3],"1":[1,2],"2":[1,1]},"_coverageSchema":"1a1c01bbd47fc00a2c39e90264f33305004495a9","hash":"f50c2d6afa158b0a03d285f6a1943d66db81b87b","contentHash":"3c888e1a2d72141a623838308ae14ddd8876ec2718bc817a734cc812250fc962"},"/Users/laraamadeo/workspace/isdi-parttime-202303/staff/lara-amadeo/project/api/logic/deleteMeal.js":{"path":"/Users/laraamadeo/workspace/isdi-parttime-202303/staff/lara-amadeo/project/api/logic/deleteMeal.js","statementMap":{"0":{"start":{"line":1,"column":23},"end":{"line":1,"column":48}},"1":{"start":{"line":2,"column":50},"end":{"line":2,"column":70}},"2":{"start":{"line":9,"column":0},"end":{"line":23,"column":1}},"3":{"start":{"line":11,"column":4},"end":{"line":22,"column":8}},"4":{"start":{"line":12,"column":21},"end":{"line":12,"column":48}},"5":{"start":{"line":13,"column":8},"end":{"line":13,"column":79}},"6":{"start":{"line":13,"column":19},"end":{"line":13,"column":79}},"7":{"start":{"line":15,"column":21},"end":{"line":15,"column":48}},"8":{"start":{"line":16,"column":8},"end":{"line":16,"column":79}},"9":{"start":{"line":16,"column":19},"end":{"line":16,"column":79}},"10":{"start":{"line":17,"column":8},"end":{"line":17,"column":16}},"11":{"start":{"line":19,"column":8},"end":{"line":19,"column":163}},"12":{"start":{"line":19,"column":47},"end":{"line":19,"column":163}},"13":{"start":{"line":21,"column":8},"end":{"line":21,"column":45}}},"fnMap":{"0":{"name":"deleteMeal","decl":{"start":{"line":9,"column":26},"end":{"line":9,"column":36}},"loc":{"start":{"line":9,"column":53},"end":{"line":23,"column":1}},"line":9},"1":{"name":"(anonymous_1)","decl":{"start":{"line":11,"column":12},"end":{"line":11,"column":13}},"loc":{"start":{"line":11,"column":24},"end":{"line":22,"column":5}},"line":11}},"branchMap":{"0":{"loc":{"start":{"line":13,"column":8},"end":{"line":13,"column":79}},"type":"if","locations":[{"start":{"line":13,"column":8},"end":{"line":13,"column":79}},{"start":{"line":13,"column":8},"end":{"line":13,"column":79}}],"line":13},"1":{"loc":{"start":{"line":16,"column":8},"end":{"line":16,"column":79}},"type":"if","locations":[{"start":{"line":16,"column":8},"end":{"line":16,"column":79}},{"start":{"line":16,"column":8},"end":{"line":16,"column":79}}],"line":16},"2":{"loc":{"start":{"line":19,"column":8},"end":{"line":19,"column":163}},"type":"if","locations":[{"start":{"line":19,"column":8},"end":{"line":19,"column":163}},{"start":{"line":19,"column":8},"end":{"line":19,"column":163}}],"line":19}},"s":{"0":1,"1":1,"2":1,"3":4,"4":4,"5":4,"6":1,"7":3,"8":3,"9":1,"10":2,"11":2,"12":1,"13":1},"f":{"0":4,"1":4},"b":{"0":[1,3],"1":[1,2],"2":[1,1]},"_coverageSchema":"1a1c01bbd47fc00a2c39e90264f33305004495a9","hash":"be1cc79489593530b876e768ad896e6405634b93","contentHash":"d315aeb69a3419ce283b7fd308ecbefe0dbb0afa9e08521937bc062a49b37fe4"},"/Users/laraamadeo/workspace/isdi-parttime-202303/staff/lara-amadeo/project/api/logic/addMealToCart.js":{"path":"/Users/laraamadeo/workspace/isdi-parttime-202303/staff/lara-amadeo/project/api/logic/addMealToCart.js","statementMap":{"0":{"start":{"line":1,"column":29},"end":{"line":1,"column":54}},"1":{"start":{"line":2,"column":39},"end":{"line":2,"column":59}},"2":{"start":{"line":10,"column":0},"end":{"line":38,"column":1}},"3":{"start":{"line":11,"column":4},"end":{"line":37,"column":8}},"4":{"start":{"line":12,"column":21},"end":{"line":12,"column":48}},"5":{"start":{"line":14,"column":8},"end":{"line":14,"column":79}},"6":{"start":{"line":14,"column":19},"end":{"line":14,"column":79}},"7":{"start":{"line":16,"column":21},"end":{"line":16,"column":48}},"8":{"start":{"line":18,"column":8},"end":{"line":18,"column":79}},"9":{"start":{"line":18,"column":19},"end":{"line":18,"column":79}},"10":{"start":{"line":20,"column":29},"end":{"line":20,"column":84}},"11":{"start":{"line":20,"column":52},"end":{"line":20,"column":83}},"12":{"start":{"line":21,"column":8},"end":{"line":21,"column":16}},"13":{"start":{"line":22,"column":8},"end":{"line":35,"column":9}},"14":{"start":{"line":23,"column":12},"end":{"line":27,"column":13}},"15":{"start":{"line":24,"column":16},"end":{"line":24,"column":66}},"16":{"start":{"line":26,"column":16},"end":{"line":26,"column":49}},"17":{"start":{"line":29,"column":35},"end":{"line":33,"column":14}},"18":{"start":{"line":34,"column":12},"end":{"line":34,"column":42}},"19":{"start":{"line":36,"column":8},"end":{"line":36,"column":25}}},"fnMap":{"0":{"name":"addMealToCart","decl":{"start":{"line":10,"column":26},"end":{"line":10,"column":39}},"loc":{"start":{"line":10,"column":66},"end":{"line":38,"column":1}},"line":10},"1":{"name":"(anonymous_1)","decl":{"start":{"line":11,"column":12},"end":{"line":11,"column":13}},"loc":{"start":{"line":11,"column":24},"end":{"line":37,"column":5}},"line":11},"2":{"name":"(anonymous_2)","decl":{"start":{"line":20,"column":44},"end":{"line":20,"column":45}},"loc":{"start":{"line":20,"column":52},"end":{"line":20,"column":83}},"line":20}},"branchMap":{"0":{"loc":{"start":{"line":14,"column":8},"end":{"line":14,"column":79}},"type":"if","locations":[{"start":{"line":14,"column":8},"end":{"line":14,"column":79}},{"start":{"line":14,"column":8},"end":{"line":14,"column":79}}],"line":14},"1":{"loc":{"start":{"line":18,"column":8},"end":{"line":18,"column":79}},"type":"if","locations":[{"start":{"line":18,"column":8},"end":{"line":18,"column":79}},{"start":{"line":18,"column":8},"end":{"line":18,"column":79}}],"line":18},"2":{"loc":{"start":{"line":22,"column":8},"end":{"line":35,"column":9}},"type":"if","locations":[{"start":{"line":22,"column":8},"end":{"line":35,"column":9}},{"start":{"line":22,"column":8},"end":{"line":35,"column":9}}],"line":22},"3":{"loc":{"start":{"line":23,"column":12},"end":{"line":27,"column":13}},"type":"if","locations":[{"start":{"line":23,"column":12},"end":{"line":27,"column":13}},{"start":{"line":23,"column":12},"end":{"line":27,"column":13}}],"line":23}},"s":{"0":1,"1":1,"2":1,"3":7,"4":7,"5":7,"6":1,"7":6,"8":6,"9":1,"10":5,"11":2,"12":5,"13":5,"14":2,"15":1,"16":1,"17":3,"18":3,"19":5},"f":{"0":7,"1":7,"2":2},"b":{"0":[1,6],"1":[1,5],"2":[2,3],"3":[1,1]},"_coverageSchema":"1a1c01bbd47fc00a2c39e90264f33305004495a9","hash":"60e3b74d6d3acde16519c0513c42482a9aaba55b","contentHash":"c1cba3adab2376e06a09f6686702e7217b1abeac21f3ca07ee8dff1d782216a6"},"/Users/laraamadeo/workspace/isdi-parttime-202303/staff/lara-amadeo/project/api/logic/retrieveCartMeals.js":{"path":"/Users/laraamadeo/workspace/isdi-parttime-202303/staff/lara-amadeo/project/api/logic/retrieveCartMeals.js","statementMap":{"0":{"start":{"line":1,"column":23},"end":{"line":1,"column":48}},"1":{"start":{"line":2,"column":50},"end":{"line":2,"column":70}},"2":{"start":{"line":9,"column":0},"end":{"line":45,"column":1}},"3":{"start":{"line":11,"column":17},"end":{"line":11,"column":51}},"4":{"start":{"line":13,"column":4},"end":{"line":13,"column":75}},"5":{"start":{"line":13,"column":15},"end":{"line":13,"column":75}},"6":{"start":{"line":15,"column":21},"end":{"line":15,"column":30}},"7":{"start":{"line":17,"column":4},"end":{"line":41,"column":5}},"8":{"start":{"line":18,"column":21},"end":{"line":18,"column":151}},"9":{"start":{"line":20,"column":8},"end":{"line":20,"column":41}},"10":{"start":{"line":22,"column":23},"end":{"line":22,"column":62}},"11":{"start":{"line":24,"column":25},"end":{"line":24,"column":47}},"12":{"start":{"line":26,"column":8},"end":{"line":39,"column":9}},"13":{"start":{"line":27,"column":12},"end":{"line":27,"column":51}},"14":{"start":{"line":29,"column":12},"end":{"line":38,"column":14}},"15":{"start":{"line":42,"column":24},"end":{"line":42,"column":53}},"16":{"start":{"line":44,"column":4},"end":{"line":44,"column":22}}},"fnMap":{"0":{"name":"retrieveCartMeals","decl":{"start":{"line":9,"column":32},"end":{"line":9,"column":49}},"loc":{"start":{"line":9,"column":58},"end":{"line":45,"column":1}},"line":9}},"branchMap":{"0":{"loc":{"start":{"line":13,"column":4},"end":{"line":13,"column":75}},"type":"if","locations":[{"start":{"line":13,"column":4},"end":{"line":13,"column":75}},{"start":{"line":13,"column":4},"end":{"line":13,"column":75}}],"line":13},"1":{"loc":{"start":{"line":26,"column":8},"end":{"line":39,"column":9}},"type":"if","locations":[{"start":{"line":26,"column":8},"end":{"line":39,"column":9}},{"start":{"line":26,"column":8},"end":{"line":39,"column":9}}],"line":26}},"s":{"0":1,"1":1,"2":1,"3":4,"4":4,"5":1,"6":3,"7":3,"8":4,"9":4,"10":4,"11":4,"12":4,"13":1,"14":3,"15":3,"16":3},"f":{"0":4},"b":{"0":[1,3],"1":[1,3]},"_coverageSchema":"1a1c01bbd47fc00a2c39e90264f33305004495a9","hash":"77c1eab66549d06b2d9c7ca6a832691b5f1880e2","contentHash":"6cd6162df4c49718077411a6478027e106b31870e346f27afe55e824e918e946"},"/Users/laraamadeo/workspace/isdi-parttime-202303/staff/lara-amadeo/project/api/logic/payMealsInCart.js":{"path":"/Users/laraamadeo/workspace/isdi-parttime-202303/staff/lara-amadeo/project/api/logic/payMealsInCart.js","statementMap":{"0":{"start":{"line":1,"column":41},"end":{"line":1,"column":66}},"1":{"start":{"line":2,"column":39},"end":{"line":2,"column":59}},"2":{"start":{"line":3,"column":34},"end":{"line":3,"column":55}},"3":{"start":{"line":4,"column":32},"end":{"line":4,"column":51}},"4":{"start":{"line":10,"column":0},"end":{"line":56,"column":1}},"5":{"start":{"line":11,"column":4},"end":{"line":54,"column":8}},"6":{"start":{"line":12,"column":21},"end":{"line":12,"column":48}},"7":{"start":{"line":14,"column":8},"end":{"line":14,"column":79}},"8":{"start":{"line":14,"column":19},"end":{"line":14,"column":79}},"9":{"start":{"line":15,"column":8},"end":{"line":15,"column":16}},"10":{"start":{"line":16,"column":28},"end":{"line":16,"column":48}},"11":{"start":{"line":17,"column":23},"end":{"line":17,"column":46}},"12":{"start":{"line":18,"column":25},"end":{"line":18,"column":34}},"13":{"start":{"line":20,"column":26},"end":{"line":23,"column":10}},"14":{"start":{"line":24,"column":8},"end":{"line":24,"column":16}},"15":{"start":{"line":26,"column":8},"end":{"line":39,"column":9}},"16":{"start":{"line":27,"column":25},"end":{"line":27,"column":59}},"17":{"start":{"line":29,"column":12},"end":{"line":29,"column":61}},"18":{"start":{"line":31,"column":12},"end":{"line":36,"column":13}},"19":{"start":{"line":32,"column":16},"end":{"line":32,"column":144}},"20":{"start":{"line":34,"column":16},"end":{"line":35,"column":17}},"21":{"start":{"line":38,"column":12},"end":{"line":38,"column":29}},"22":{"start":{"line":41,"column":31},"end":{"line":41,"column":60}},"23":{"start":{"line":43,"column":8},"end":{"line":48,"column":9}},"24":{"start":{"line":44,"column":25},"end":{"line":44,"column":60}},"25":{"start":{"line":45,"column":26},"end":{"line":45,"column":48}},"26":{"start":{"line":46,"column":12},"end":{"line":46,"column":40}},"27":{"start":{"line":47,"column":12},"end":{"line":47,"column":29}},"28":{"start":{"line":50,"column":8},"end":{"line":50,"column":34}},"29":{"start":{"line":51,"column":8},"end":{"line":51,"column":22}},"30":{"start":{"line":53,"column":8},"end":{"line":53,"column":25}}},"fnMap":{"0":{"name":"payMealsinCart","decl":{"start":{"line":10,"column":26},"end":{"line":10,"column":40}},"loc":{"start":{"line":10,"column":49},"end":{"line":56,"column":1}},"line":10},"1":{"name":"(anonymous_1)","decl":{"start":{"line":11,"column":12},"end":{"line":11,"column":13}},"loc":{"start":{"line":11,"column":24},"end":{"line":54,"column":5}},"line":11}},"branchMap":{"0":{"loc":{"start":{"line":14,"column":8},"end":{"line":14,"column":79}},"type":"if","locations":[{"start":{"line":14,"column":8},"end":{"line":14,"column":79}},{"start":{"line":14,"column":8},"end":{"line":14,"column":79}}],"line":14},"1":{"loc":{"start":{"line":31,"column":12},"end":{"line":36,"column":13}},"type":"if","locations":[{"start":{"line":31,"column":12},"end":{"line":36,"column":13}},{"start":{"line":31,"column":12},"end":{"line":36,"column":13}}],"line":31}},"s":{"0":1,"1":1,"2":1,"3":1,"4":1,"5":3,"6":3,"7":3,"8":1,"9":2,"10":2,"11":2,"12":2,"13":2,"14":2,"15":2,"16":3,"17":3,"18":3,"19":0,"20":3,"21":3,"22":2,"23":2,"24":3,"25":3,"26":3,"27":3,"28":2,"29":2,"30":2},"f":{"0":3,"1":3},"b":{"0":[1,2],"1":[0,3]},"_coverageSchema":"1a1c01bbd47fc00a2c39e90264f33305004495a9","hash":"aabcb33c4507d866560ec6d329ef19293b7e14f5","contentHash":"cb5f17e9e4d3fd8b34054d7cc24d6948ce5df71105bf2e546b23ff60deeab5f8"},"/Users/laraamadeo/workspace/isdi-parttime-202303/staff/lara-amadeo/project/api/helpers/index.js":{"path":"/Users/laraamadeo/workspace/isdi-parttime-202303/staff/lara-amadeo/project/api/helpers/index.js","statementMap":{"0":{"start":{"line":1,"column":0},"end":{"line":5,"column":1}}},"fnMap":{},"branchMap":{},"s":{"0":1},"f":{},"b":{},"_coverageSchema":"1a1c01bbd47fc00a2c39e90264f33305004495a9","hash":"ac17fa7a59e35dc7a144b08c0bcb9aea7193ddd4","contentHash":"9fe6fda8614d7d3fa7a3e9ce0523c10b2b8ca7e8553fd0e510b24f7ce49e388b"},"/Users/laraamadeo/workspace/isdi-parttime-202303/staff/lara-amadeo/project/api/helpers/retrieveToken.js":{"path":"/Users/laraamadeo/workspace/isdi-parttime-202303/staff/lara-amadeo/project/api/helpers/retrieveToken.js","statementMap":{"0":{"start":{"line":1,"column":12},"end":{"line":1,"column":35}},"1":{"start":{"line":3,"column":0},"end":{"line":12,"column":1}},"2":{"start":{"line":4,"column":30},"end":{"line":4,"column":41}},"3":{"start":{"line":5,"column":18},"end":{"line":5,"column":40}},"4":{"start":{"line":7,"column":20},"end":{"line":7,"column":61}},"5":{"start":{"line":9,"column":28},"end":{"line":9,"column":35}},"6":{"start":{"line":11,"column":4},"end":{"line":11,"column":17}}},"fnMap":{"0":{"name":"retrieveToken","decl":{"start":{"line":3,"column":26},"end":{"line":3,"column":39}},"loc":{"start":{"line":3,"column":45},"end":{"line":12,"column":1}},"line":3}},"branchMap":{},"s":{"0":1,"1":1,"2":0,"3":0,"4":0,"5":0,"6":0},"f":{"0":0},"b":{},"_coverageSchema":"1a1c01bbd47fc00a2c39e90264f33305004495a9","hash":"366486cd6f6b48d8f5d4e1a8f913be4e007c1dec","contentHash":"015e1a2177f0775a79bda0d5eb3b248caf43787dc99a1e8eafa92ba8b6178800"},"/Users/laraamadeo/workspace/isdi-parttime-202303/staff/lara-amadeo/project/api/helpers/handleErrors.js":{"path":"/Users/laraamadeo/workspace/isdi-parttime-202303/staff/lara-amadeo/project/api/helpers/handleErrors.js","statementMap":{"0":{"start":{"line":1,"column":80},"end":{"line":1,"column":100}},"1":{"start":{"line":3,"column":0},"end":{"line":28,"column":1}},"2":{"start":{"line":4,"column":4},"end":{"line":27,"column":5}},"3":{"start":{"line":5,"column":8},"end":{"line":26,"column":9}},"4":{"start":{"line":6,"column":12},"end":{"line":18,"column":18}},"5":{"start":{"line":8,"column":33},"end":{"line":8,"column":36}},"6":{"start":{"line":10,"column":20},"end":{"line":15,"column":36}},"7":{"start":{"line":11,"column":24},"end":{"line":11,"column":36}},"8":{"start":{"line":12,"column":25},"end":{"line":15,"column":36}},"9":{"start":{"line":13,"column":24},"end":{"line":13,"column":36}},"10":{"start":{"line":14,"column":25},"end":{"line":15,"column":36}},"11":{"start":{"line":15,"column":24},"end":{"line":15,"column":36}},"12":{"start":{"line":17,"column":20},"end":{"line":17,"column":101}},"13":{"start":{"line":20,"column":25},"end":{"line":20,"column":28}},"14":{"start":{"line":22,"column":12},"end":{"line":23,"column":28}},"15":{"start":{"line":23,"column":16},"end":{"line":23,"column":28}},"16":{"start":{"line":25,"column":12},"end":{"line":25,"column":93}}},"fnMap":{"0":{"name":"handleErrors","decl":{"start":{"line":3,"column":26},"end":{"line":3,"column":38}},"loc":{"start":{"line":3,"column":49},"end":{"line":28,"column":1}},"line":3},"1":{"name":"(anonymous_1)","decl":{"start":{"line":4,"column":11},"end":{"line":4,"column":12}},"loc":{"start":{"line":4,"column":25},"end":{"line":27,"column":5}},"line":4},"2":{"name":"(anonymous_2)","decl":{"start":{"line":7,"column":23},"end":{"line":7,"column":24}},"loc":{"start":{"line":7,"column":32},"end":{"line":18,"column":17}},"line":7}},"branchMap":{"0":{"loc":{"start":{"line":10,"column":20},"end":{"line":15,"column":36}},"type":"if","locations":[{"start":{"line":10,"column":20},"end":{"line":15,"column":36}},{"start":{"line":10,"column":20},"end":{"line":15,"column":36}}],"line":10},"1":{"loc":{"start":{"line":12,"column":25},"end":{"line":15,"column":36}},"type":"if","locations":[{"start":{"line":12,"column":25},"end":{"line":15,"column":36}},{"start":{"line":12,"column":25},"end":{"line":15,"column":36}}],"line":12},"2":{"loc":{"start":{"line":14,"column":25},"end":{"line":15,"column":36}},"type":"if","locations":[{"start":{"line":14,"column":25},"end":{"line":15,"column":36}},{"start":{"line":14,"column":25},"end":{"line":15,"column":36}}],"line":14},"3":{"loc":{"start":{"line":22,"column":12},"end":{"line":23,"column":28}},"type":"if","locations":[{"start":{"line":22,"column":12},"end":{"line":23,"column":28}},{"start":{"line":22,"column":12},"end":{"line":23,"column":28}}],"line":22},"4":{"loc":{"start":{"line":22,"column":16},"end":{"line":22,"column":106}},"type":"binary-expr","locations":[{"start":{"line":22,"column":16},"end":{"line":22,"column":42}},{"start":{"line":22,"column":46},"end":{"line":22,"column":75}},{"start":{"line":22,"column":79},"end":{"line":22,"column":106}}],"line":22}},"s":{"0":1,"1":1,"2":0,"3":0,"4":0,"5":0,"6":0,"7":0,"8":0,"9":0,"10":0,"11":0,"12":0,"13":0,"14":0,"15":0,"16":0},"f":{"0":0,"1":0,"2":0},"b":{"0":[0,0],"1":[0,0],"2":[0,0],"3":[0,0],"4":[0,0,0]},"_coverageSchema":"1a1c01bbd47fc00a2c39e90264f33305004495a9","hash":"afd674e7fb5099b62a987f8451e6d1e62d395fcb","contentHash":"08dd75a0fa814ade1253cb228c0008c9f19b8810f2704be4897a6677c0240506"},"/Users/laraamadeo/workspace/isdi-parttime-202303/staff/lara-amadeo/project/api/helpers/generateSerialNumbers.js":{"path":"/Users/laraamadeo/workspace/isdi-parttime-202303/staff/lara-amadeo/project/api/helpers/generateSerialNumbers.js","statementMap":{"0":{"start":{"line":1,"column":0},"end":{"line":18,"column":1}},"1":{"start":{"line":2,"column":18},"end":{"line":2,"column":82}},"2":{"start":{"line":4,"column":25},"end":{"line":4,"column":27}},"3":{"start":{"line":6,"column":23},"end":{"line":6,"column":25}},"4":{"start":{"line":10,"column":4},"end":{"line":15,"column":5}},"5":{"start":{"line":12,"column":8},"end":{"line":12,"column":64}},"6":{"start":{"line":14,"column":8},"end":{"line":14,"column":72}},"7":{"start":{"line":17,"column":4},"end":{"line":17,"column":23}}},"fnMap":{"0":{"name":"generateSerialNumber","decl":{"start":{"line":1,"column":26},"end":{"line":1,"column":46}},"loc":{"start":{"line":1,"column":49},"end":{"line":18,"column":1}},"line":1}},"branchMap":{},"s":{"0":1,"1":2,"2":2,"3":2,"4":2,"5":32,"6":32,"7":2},"f":{"0":2},"b":{},"_coverageSchema":"1a1c01bbd47fc00a2c39e90264f33305004495a9","hash":"2c203b7d81ff454bb38dd108f79234029a583971","contentHash":"a96c8f5ed44d24ab2b498c017278fb938589d2d5e54c1a4725e318afc96929e0"},"/Users/laraamadeo/workspace/isdi-parttime-202303/staff/lara-amadeo/project/api/logic/removeMealFromCart.js":{"path":"/Users/laraamadeo/workspace/isdi-parttime-202303/staff/lara-amadeo/project/api/logic/removeMealFromCart.js","statementMap":{"0":{"start":{"line":1,"column":29},"end":{"line":1,"column":54}},"1":{"start":{"line":2,"column":39},"end":{"line":2,"column":59}},"2":{"start":{"line":10,"column":0},"end":{"line":31,"column":1}},"3":{"start":{"line":11,"column":4},"end":{"line":30,"column":8}},"4":{"start":{"line":12,"column":21},"end":{"line":12,"column":48}},"5":{"start":{"line":14,"column":8},"end":{"line":14,"column":79}},"6":{"start":{"line":14,"column":19},"end":{"line":14,"column":79}},"7":{"start":{"line":16,"column":21},"end":{"line":16,"column":48}},"8":{"start":{"line":18,"column":8},"end":{"line":18,"column":79}},"9":{"start":{"line":18,"column":19},"end":{"line":18,"column":79}},"10":{"start":{"line":20,"column":29},"end":{"line":20,"column":84}},"11":{"start":{"line":20,"column":52},"end":{"line":20,"column":83}},"12":{"start":{"line":22,"column":8},"end":{"line":28,"column":9}},"13":{"start":{"line":23,"column":26},"end":{"line":23,"column":86}},"14":{"start":{"line":23,"column":54},"end":{"line":23,"column":85}},"15":{"start":{"line":25,"column":12},"end":{"line":25,"column":38}},"16":{"start":{"line":27,"column":12},"end":{"line":27,"column":44}},"17":{"start":{"line":29,"column":8},"end":{"line":29,"column":25}}},"fnMap":{"0":{"name":"removeMealFromCart","decl":{"start":{"line":10,"column":26},"end":{"line":10,"column":44}},"loc":{"start":{"line":10,"column":71},"end":{"line":31,"column":1}},"line":10},"1":{"name":"(anonymous_1)","decl":{"start":{"line":11,"column":12},"end":{"line":11,"column":13}},"loc":{"start":{"line":11,"column":24},"end":{"line":30,"column":5}},"line":11},"2":{"name":"(anonymous_2)","decl":{"start":{"line":20,"column":44},"end":{"line":20,"column":45}},"loc":{"start":{"line":20,"column":52},"end":{"line":20,"column":83}},"line":20},"3":{"name":"(anonymous_3)","decl":{"start":{"line":23,"column":46},"end":{"line":23,"column":47}},"loc":{"start":{"line":23,"column":54},"end":{"line":23,"column":85}},"line":23}},"branchMap":{"0":{"loc":{"start":{"line":14,"column":8},"end":{"line":14,"column":79}},"type":"if","locations":[{"start":{"line":14,"column":8},"end":{"line":14,"column":79}},{"start":{"line":14,"column":8},"end":{"line":14,"column":79}}],"line":14},"1":{"loc":{"start":{"line":18,"column":8},"end":{"line":18,"column":79}},"type":"if","locations":[{"start":{"line":18,"column":8},"end":{"line":18,"column":79}},{"start":{"line":18,"column":8},"end":{"line":18,"column":79}}],"line":18},"2":{"loc":{"start":{"line":22,"column":8},"end":{"line":28,"column":9}},"type":"if","locations":[{"start":{"line":22,"column":8},"end":{"line":28,"column":9}},{"start":{"line":22,"column":8},"end":{"line":28,"column":9}}],"line":22}},"s":{"0":1,"1":1,"2":1,"3":5,"4":5,"5":5,"6":1,"7":4,"8":4,"9":1,"10":3,"11":3,"12":3,"13":1,"14":1,"15":1,"16":2,"17":3},"f":{"0":5,"1":5,"2":3,"3":1},"b":{"0":[1,4],"1":[1,3],"2":[1,2]},"_coverageSchema":"1a1c01bbd47fc00a2c39e90264f33305004495a9","hash":"a2e3f6efdaf8311778a572627fda0335ffa174c6","contentHash":"c0d4c64afee083b58c27ec0bb70937d02b673988e195f013f0276ba3d8b5cd34"},"/Users/laraamadeo/workspace/isdi-parttime-202303/staff/lara-amadeo/project/api/logic/retrievePendingToPickUp.js":{"path":"/Users/laraamadeo/workspace/isdi-parttime-202303/staff/lara-amadeo/project/api/logic/retrievePendingToPickUp.js","statementMap":{"0":{"start":{"line":1,"column":17},"end":{"line":1,"column":42}},"1":{"start":{"line":2,"column":39},"end":{"line":2,"column":59}},"2":{"start":{"line":9,"column":0},"end":{"line":44,"column":1}},"3":{"start":{"line":11,"column":17},"end":{"line":11,"column":120}},"4":{"start":{"line":13,"column":4},"end":{"line":13,"column":75}},"5":{"start":{"line":13,"column":15},"end":{"line":13,"column":75}},"6":{"start":{"line":15,"column":28},"end":{"line":40,"column":6}},"7":{"start":{"line":16,"column":30},"end":{"line":16,"column":32}},"8":{"start":{"line":17,"column":8},"end":{"line":17,"column":16}},"9":{"start":{"line":18,"column":8},"end":{"line":32,"column":10}},"10":{"start":{"line":19,"column":33},"end":{"line":19,"column":52}},"11":{"start":{"line":21,"column":12},"end":{"line":26,"column":13}},"12":{"start":{"line":22,"column":16},"end":{"line":25,"column":17}},"13":{"start":{"line":28,"column":12},"end":{"line":31,"column":14}},"14":{"start":{"line":34,"column":8},"end":{"line":39,"column":9}},"15":{"start":{"line":42,"column":4},"end":{"line":42,"column":26}}},"fnMap":{"0":{"name":"retrievePendingToPickUp","decl":{"start":{"line":9,"column":32},"end":{"line":9,"column":55}},"loc":{"start":{"line":9,"column":64},"end":{"line":44,"column":1}},"line":9},"1":{"name":"(anonymous_1)","decl":{"start":{"line":15,"column":43},"end":{"line":15,"column":44}},"loc":{"start":{"line":15,"column":52},"end":{"line":40,"column":5}},"line":15},"2":{"name":"(anonymous_2)","decl":{"start":{"line":18,"column":28},"end":{"line":18,"column":29}},"loc":{"start":{"line":18,"column":36},"end":{"line":32,"column":9}},"line":18}},"branchMap":{"0":{"loc":{"start":{"line":13,"column":4},"end":{"line":13,"column":75}},"type":"if","locations":[{"start":{"line":13,"column":4},"end":{"line":13,"column":75}},{"start":{"line":13,"column":4},"end":{"line":13,"column":75}}],"line":13},"1":{"loc":{"start":{"line":21,"column":12},"end":{"line":26,"column":13}},"type":"if","locations":[{"start":{"line":21,"column":12},"end":{"line":26,"column":13}},{"start":{"line":21,"column":12},"end":{"line":26,"column":13}}],"line":21}},"s":{"0":1,"1":1,"2":1,"3":2,"4":2,"5":1,"6":1,"7":1,"8":1,"9":1,"10":2,"11":2,"12":1,"13":2,"14":1,"15":1},"f":{"0":2,"1":1,"2":2},"b":{"0":[1,1],"1":[1,1]},"_coverageSchema":"1a1c01bbd47fc00a2c39e90264f33305004495a9","hash":"c87133235215daee0b857657c016c92578a64f86","contentHash":"1e72997631fcf1c891e733ca4bbbd3b23072b3a4431f23e436fcef7fe90ea53a"},"/Users/laraamadeo/workspace/isdi-parttime-202303/staff/lara-amadeo/project/api/logic/incrementMealsInCart.js":{"path":"/Users/laraamadeo/workspace/isdi-parttime-202303/staff/lara-amadeo/project/api/logic/incrementMealsInCart.js","statementMap":{"0":{"start":{"line":1,"column":29},"end":{"line":1,"column":54}},"1":{"start":{"line":2,"column":39},"end":{"line":2,"column":59}},"2":{"start":{"line":11,"column":0},"end":{"line":35,"column":1}},"3":{"start":{"line":12,"column":4},"end":{"line":34,"column":8}},"4":{"start":{"line":13,"column":21},"end":{"line":13,"column":48}},"5":{"start":{"line":15,"column":8},"end":{"line":15,"column":79}},"6":{"start":{"line":15,"column":19},"end":{"line":15,"column":79}},"7":{"start":{"line":17,"column":21},"end":{"line":17,"column":48}},"8":{"start":{"line":19,"column":8},"end":{"line":19,"column":79}},"9":{"start":{"line":19,"column":19},"end":{"line":19,"column":79}},"10":{"start":{"line":21,"column":29},"end":{"line":21,"column":84}},"11":{"start":{"line":21,"column":52},"end":{"line":21,"column":83}},"12":{"start":{"line":23,"column":8},"end":{"line":32,"column":9}},"13":{"start":{"line":24,"column":12},"end":{"line":24,"column":44}},"14":{"start":{"line":26,"column":35},"end":{"line":30,"column":14}},"15":{"start":{"line":31,"column":12},"end":{"line":31,"column":42}},"16":{"start":{"line":33,"column":8},"end":{"line":33,"column":25}}},"fnMap":{"0":{"name":"incrementMealsInCart","decl":{"start":{"line":11,"column":26},"end":{"line":11,"column":46}},"loc":{"start":{"line":11,"column":73},"end":{"line":35,"column":1}},"line":11},"1":{"name":"(anonymous_1)","decl":{"start":{"line":12,"column":12},"end":{"line":12,"column":13}},"loc":{"start":{"line":12,"column":24},"end":{"line":34,"column":5}},"line":12},"2":{"name":"(anonymous_2)","decl":{"start":{"line":21,"column":44},"end":{"line":21,"column":45}},"loc":{"start":{"line":21,"column":52},"end":{"line":21,"column":83}},"line":21}},"branchMap":{"0":{"loc":{"start":{"line":15,"column":8},"end":{"line":15,"column":79}},"type":"if","locations":[{"start":{"line":15,"column":8},"end":{"line":15,"column":79}},{"start":{"line":15,"column":8},"end":{"line":15,"column":79}}],"line":15},"1":{"loc":{"start":{"line":19,"column":8},"end":{"line":19,"column":79}},"type":"if","locations":[{"start":{"line":19,"column":8},"end":{"line":19,"column":79}},{"start":{"line":19,"column":8},"end":{"line":19,"column":79}}],"line":19},"2":{"loc":{"start":{"line":23,"column":8},"end":{"line":32,"column":9}},"type":"if","locations":[{"start":{"line":23,"column":8},"end":{"line":32,"column":9}},{"start":{"line":23,"column":8},"end":{"line":32,"column":9}}],"line":23}},"s":{"0":1,"1":1,"2":1,"3":5,"4":5,"5":5,"6":1,"7":4,"8":4,"9":1,"10":3,"11":2,"12":3,"13":2,"14":1,"15":1,"16":3},"f":{"0":5,"1":5,"2":2},"b":{"0":[1,4],"1":[1,3],"2":[2,1]},"_coverageSchema":"1a1c01bbd47fc00a2c39e90264f33305004495a9","hash":"2e6c99bc7e07f7a400b48123f141ce7818b54492","contentHash":"ac6516c7931e0d9519a3770becf837601695da6ef692c7cfb1485d146add0281"},"/Users/laraamadeo/workspace/isdi-parttime-202303/staff/lara-amadeo/project/api/logic/retrievePendingToDeliver.js":{"path":"/Users/laraamadeo/workspace/isdi-parttime-202303/staff/lara-amadeo/project/api/logic/retrievePendingToDeliver.js","statementMap":{"0":{"start":{"line":1,"column":23},"end":{"line":1,"column":48}},"1":{"start":{"line":2,"column":39},"end":{"line":2,"column":59}},"2":{"start":{"line":9,"column":0},"end":{"line":47,"column":1}},"3":{"start":{"line":11,"column":17},"end":{"line":23,"column":13}},"4":{"start":{"line":25,"column":4},"end":{"line":25,"column":75}},"5":{"start":{"line":25,"column":15},"end":{"line":25,"column":75}},"6":{"start":{"line":26,"column":4},"end":{"line":26,"column":12}},"7":{"start":{"line":27,"column":26},"end":{"line":27,"column":86}},"8":{"start":{"line":27,"column":59},"end":{"line":27,"column":85}},"9":{"start":{"line":29,"column":26},"end":{"line":44,"column":10}},"10":{"start":{"line":30,"column":30},"end":{"line":30,"column":83}},"11":{"start":{"line":30,"column":48},"end":{"line":30,"column":82}},"12":{"start":{"line":32,"column":8},"end":{"line":41,"column":9}},"13":{"start":{"line":33,"column":12},"end":{"line":33,"column":94}},"14":{"start":{"line":35,"column":12},"end":{"line":40,"column":14}},"15":{"start":{"line":43,"column":8},"end":{"line":43,"column":18}},"16":{"start":{"line":46,"column":4},"end":{"line":46,"column":24}}},"fnMap":{"0":{"name":"retrievePendingToDeliver","decl":{"start":{"line":9,"column":32},"end":{"line":9,"column":56}},"loc":{"start":{"line":9,"column":65},"end":{"line":47,"column":1}},"line":9},"1":{"name":"(anonymous_1)","decl":{"start":{"line":27,"column":50},"end":{"line":27,"column":51}},"loc":{"start":{"line":27,"column":59},"end":{"line":27,"column":85}},"line":27},"2":{"name":"(anonymous_2)","decl":{"start":{"line":29,"column":47},"end":{"line":29,"column":48}},"loc":{"start":{"line":29,"column":68},"end":{"line":44,"column":5}},"line":29},"3":{"name":"(anonymous_3)","decl":{"start":{"line":30,"column":39},"end":{"line":30,"column":40}},"loc":{"start":{"line":30,"column":48},"end":{"line":30,"column":82}},"line":30}},"branchMap":{"0":{"loc":{"start":{"line":25,"column":4},"end":{"line":25,"column":75}},"type":"if","locations":[{"start":{"line":25,"column":4},"end":{"line":25,"column":75}},{"start":{"line":25,"column":4},"end":{"line":25,"column":75}}],"line":25},"1":{"loc":{"start":{"line":32,"column":8},"end":{"line":41,"column":9}},"type":"if","locations":[{"start":{"line":32,"column":8},"end":{"line":41,"column":9}},{"start":{"line":32,"column":8},"end":{"line":41,"column":9}}],"line":32}},"s":{"0":1,"1":1,"2":1,"3":2,"4":2,"5":1,"6":1,"7":1,"8":2,"9":1,"10":2,"11":1,"12":2,"13":1,"14":1,"15":2,"16":1},"f":{"0":2,"1":2,"2":2,"3":1},"b":{"0":[1,1],"1":[1,1]},"_coverageSchema":"1a1c01bbd47fc00a2c39e90264f33305004495a9","hash":"eb08a7da0100b6bf5b6ccea0042a47d920327ef6","contentHash":"8c149b07c8f207a47894331eee37e2c99b55a9b04c2c34cfeea3708c3a0491cd"},"/Users/laraamadeo/workspace/isdi-parttime-202303/staff/lara-amadeo/project/api/logic/markAsReady.js":{"path":"/Users/laraamadeo/workspace/isdi-parttime-202303/staff/lara-amadeo/project/api/logic/markAsReady.js","statementMap":{"0":{"start":{"line":1,"column":29},"end":{"line":1,"column":54}},"1":{"start":{"line":2,"column":39},"end":{"line":2,"column":59}},"2":{"start":{"line":9,"column":0},"end":{"line":32,"column":1}},"3":{"start":{"line":10,"column":4},"end":{"line":31,"column":8}},"4":{"start":{"line":11,"column":21},"end":{"line":11,"column":48}},"5":{"start":{"line":13,"column":8},"end":{"line":13,"column":79}},"6":{"start":{"line":13,"column":19},"end":{"line":13,"column":79}},"7":{"start":{"line":15,"column":8},"end":{"line":28,"column":9}},"8":{"start":{"line":16,"column":12},"end":{"line":27,"column":13}},"9":{"start":{"line":17,"column":16},"end":{"line":17,"column":37}},"10":{"start":{"line":19,"column":30},"end":{"line":19,"column":61}},"11":{"start":{"line":21,"column":16},"end":{"line":25,"column":17}},"12":{"start":{"line":22,"column":20},"end":{"line":24,"column":21}},"13":{"start":{"line":23,"column":24},"end":{"line":23,"column":46}},"14":{"start":{"line":26,"column":16},"end":{"line":26,"column":34}},"15":{"start":{"line":30,"column":8},"end":{"line":30,"column":25}}},"fnMap":{"0":{"name":"markAsReady","decl":{"start":{"line":9,"column":26},"end":{"line":9,"column":37}},"loc":{"start":{"line":9,"column":54},"end":{"line":32,"column":1}},"line":9},"1":{"name":"(anonymous_1)","decl":{"start":{"line":10,"column":12},"end":{"line":10,"column":13}},"loc":{"start":{"line":10,"column":24},"end":{"line":31,"column":5}},"line":10}},"branchMap":{"0":{"loc":{"start":{"line":13,"column":8},"end":{"line":13,"column":79}},"type":"if","locations":[{"start":{"line":13,"column":8},"end":{"line":13,"column":79}},{"start":{"line":13,"column":8},"end":{"line":13,"column":79}}],"line":13},"1":{"loc":{"start":{"line":16,"column":12},"end":{"line":27,"column":13}},"type":"if","locations":[{"start":{"line":16,"column":12},"end":{"line":27,"column":13}},{"start":{"line":16,"column":12},"end":{"line":27,"column":13}}],"line":16},"2":{"loc":{"start":{"line":16,"column":16},"end":{"line":16,"column":67}},"type":"binary-expr","locations":[{"start":{"line":16,"column":16},"end":{"line":16,"column":38}},{"start":{"line":16,"column":42},"end":{"line":16,"column":67}}],"line":16},"3":{"loc":{"start":{"line":22,"column":20},"end":{"line":24,"column":21}},"type":"if","locations":[{"start":{"line":22,"column":20},"end":{"line":24,"column":21}},{"start":{"line":22,"column":20},"end":{"line":24,"column":21}}],"line":22}},"s":{"0":1,"1":1,"2":1,"3":3,"4":3,"5":3,"6":1,"7":2,"8":2,"9":1,"10":1,"11":1,"12":1,"13":1,"14":1,"15":2},"f":{"0":3,"1":3},"b":{"0":[1,2],"1":[1,1],"2":[2,1],"3":[1,0]},"_coverageSchema":"1a1c01bbd47fc00a2c39e90264f33305004495a9","hash":"591ce62007c856a35233a7461b15c8b45c4b3b3b","contentHash":"bc28b641d3defa4db301cadb39405ea180300b0b868335db116ae7de214b229e"},"/Users/laraamadeo/workspace/isdi-parttime-202303/staff/lara-amadeo/project/api/logic/retrieveWaitingClientToPickUp.js":{"path":"/Users/laraamadeo/workspace/isdi-parttime-202303/staff/lara-amadeo/project/api/logic/retrieveWaitingClientToPickUp.js","statementMap":{"0":{"start":{"line":1,"column":23},"end":{"line":1,"column":48}},"1":{"start":{"line":2,"column":39},"end":{"line":2,"column":59}},"2":{"start":{"line":10,"column":0},"end":{"line":48,"column":1}},"3":{"start":{"line":12,"column":17},"end":{"line":24,"column":13}},"4":{"start":{"line":26,"column":4},"end":{"line":26,"column":75}},"5":{"start":{"line":26,"column":15},"end":{"line":26,"column":75}},"6":{"start":{"line":27,"column":4},"end":{"line":27,"column":12}},"7":{"start":{"line":28,"column":33},"end":{"line":28,"column":91}},"8":{"start":{"line":28,"column":66},"end":{"line":28,"column":90}},"9":{"start":{"line":30,"column":26},"end":{"line":45,"column":10}},"10":{"start":{"line":31,"column":30},"end":{"line":31,"column":83}},"11":{"start":{"line":31,"column":48},"end":{"line":31,"column":82}},"12":{"start":{"line":33,"column":8},"end":{"line":42,"column":9}},"13":{"start":{"line":34,"column":12},"end":{"line":34,"column":94}},"14":{"start":{"line":36,"column":12},"end":{"line":41,"column":14}},"15":{"start":{"line":44,"column":8},"end":{"line":44,"column":18}},"16":{"start":{"line":47,"column":4},"end":{"line":47,"column":24}}},"fnMap":{"0":{"name":"retrieveWaitingClientToPickUp","decl":{"start":{"line":10,"column":32},"end":{"line":10,"column":61}},"loc":{"start":{"line":10,"column":70},"end":{"line":48,"column":1}},"line":10},"1":{"name":"(anonymous_1)","decl":{"start":{"line":28,"column":57},"end":{"line":28,"column":58}},"loc":{"start":{"line":28,"column":66},"end":{"line":28,"column":90}},"line":28},"2":{"name":"(anonymous_2)","decl":{"start":{"line":30,"column":54},"end":{"line":30,"column":55}},"loc":{"start":{"line":30,"column":75},"end":{"line":45,"column":5}},"line":30},"3":{"name":"(anonymous_3)","decl":{"start":{"line":31,"column":39},"end":{"line":31,"column":40}},"loc":{"start":{"line":31,"column":48},"end":{"line":31,"column":82}},"line":31}},"branchMap":{"0":{"loc":{"start":{"line":26,"column":4},"end":{"line":26,"column":75}},"type":"if","locations":[{"start":{"line":26,"column":4},"end":{"line":26,"column":75}},{"start":{"line":26,"column":4},"end":{"line":26,"column":75}}],"line":26},"1":{"loc":{"start":{"line":33,"column":8},"end":{"line":42,"column":9}},"type":"if","locations":[{"start":{"line":33,"column":8},"end":{"line":42,"column":9}},{"start":{"line":33,"column":8},"end":{"line":42,"column":9}}],"line":33}},"s":{"0":1,"1":1,"2":1,"3":2,"4":2,"5":1,"6":1,"7":1,"8":2,"9":1,"10":2,"11":1,"12":2,"13":1,"14":1,"15":2,"16":1},"f":{"0":2,"1":2,"2":2,"3":1},"b":{"0":[1,1],"1":[1,1]},"_coverageSchema":"1a1c01bbd47fc00a2c39e90264f33305004495a9","hash":"4c3388878a53b97e0c059c7790d6bb3c52f93b5f","contentHash":"1f755a45a3e5b87691517fbd4353e62aa026d0db0af9f880f83d6229746f5d60"},"/Users/laraamadeo/workspace/isdi-parttime-202303/staff/lara-amadeo/project/api/logic/markAsCompleted.js":{"path":"/Users/laraamadeo/workspace/isdi-parttime-202303/staff/lara-amadeo/project/api/logic/markAsCompleted.js","statementMap":{"0":{"start":{"line":1,"column":29},"end":{"line":1,"column":54}},"1":{"start":{"line":2,"column":39},"end":{"line":2,"column":59}},"2":{"start":{"line":10,"column":0},"end":{"line":32,"column":1}},"3":{"start":{"line":11,"column":4},"end":{"line":31,"column":8}},"4":{"start":{"line":12,"column":21},"end":{"line":12,"column":48}},"5":{"start":{"line":14,"column":8},"end":{"line":14,"column":79}},"6":{"start":{"line":14,"column":19},"end":{"line":14,"column":79}},"7":{"start":{"line":16,"column":8},"end":{"line":20,"column":9}},"8":{"start":{"line":17,"column":12},"end":{"line":19,"column":13}},"9":{"start":{"line":18,"column":16},"end":{"line":18,"column":41}},"10":{"start":{"line":22,"column":21},"end":{"line":22,"column":48}},"11":{"start":{"line":24,"column":8},"end":{"line":28,"column":9}},"12":{"start":{"line":25,"column":12},"end":{"line":27,"column":13}},"13":{"start":{"line":26,"column":16},"end":{"line":26,"column":47}},"14":{"start":{"line":29,"column":8},"end":{"line":29,"column":25}},"15":{"start":{"line":30,"column":8},"end":{"line":30,"column":25}}},"fnMap":{"0":{"name":"markAsCompleted","decl":{"start":{"line":10,"column":26},"end":{"line":10,"column":41}},"loc":{"start":{"line":10,"column":66},"end":{"line":32,"column":1}},"line":10},"1":{"name":"(anonymous_1)","decl":{"start":{"line":11,"column":12},"end":{"line":11,"column":13}},"loc":{"start":{"line":11,"column":24},"end":{"line":31,"column":5}},"line":11}},"branchMap":{"0":{"loc":{"start":{"line":14,"column":8},"end":{"line":14,"column":79}},"type":"if","locations":[{"start":{"line":14,"column":8},"end":{"line":14,"column":79}},{"start":{"line":14,"column":8},"end":{"line":14,"column":79}}],"line":14},"1":{"loc":{"start":{"line":17,"column":12},"end":{"line":19,"column":13}},"type":"if","locations":[{"start":{"line":17,"column":12},"end":{"line":19,"column":13}},{"start":{"line":17,"column":12},"end":{"line":19,"column":13}}],"line":17},"2":{"loc":{"start":{"line":17,"column":16},"end":{"line":17,"column":67}},"type":"binary-expr","locations":[{"start":{"line":17,"column":16},"end":{"line":17,"column":39}},{"start":{"line":17,"column":43},"end":{"line":17,"column":67}}],"line":17},"3":{"loc":{"start":{"line":25,"column":12},"end":{"line":27,"column":13}},"type":"if","locations":[{"start":{"line":25,"column":12},"end":{"line":27,"column":13}},{"start":{"line":25,"column":12},"end":{"line":27,"column":13}}],"line":25}},"s":{"0":1,"1":1,"2":1,"3":3,"4":3,"5":3,"6":1,"7":2,"8":2,"9":1,"10":2,"11":2,"12":2,"13":2,"14":2,"15":2},"f":{"0":3,"1":3},"b":{"0":[1,2],"1":[1,1],"2":[2,2],"3":[2,0]},"_coverageSchema":"1a1c01bbd47fc00a2c39e90264f33305004495a9","hash":"de1304cbcee4a594078efd30275850cf2a770b9a","contentHash":"03c6b5a6a7f1b8a7425da3d7186b5d6bd44a5dc3f466662e220de539a2d5c513"},"/Users/laraamadeo/workspace/isdi-parttime-202303/staff/lara-amadeo/project/api/logic/searchMeals.js":{"path":"/Users/laraamadeo/workspace/isdi-parttime-202303/staff/lara-amadeo/project/api/logic/searchMeals.js","statementMap":{"0":{"start":{"line":1,"column":23},"end":{"line":1,"column":48}},"1":{"start":{"line":2,"column":50},"end":{"line":2,"column":70}},"2":{"start":{"line":12,"column":0},"end":{"line":34,"column":1}},"3":{"start":{"line":13,"column":4},"end":{"line":33,"column":8}},"4":{"start":{"line":14,"column":21},"end":{"line":14,"column":48}},"5":{"start":{"line":15,"column":8},"end":{"line":15,"column":79}},"6":{"start":{"line":15,"column":19},"end":{"line":15,"column":79}},"7":{"start":{"line":17,"column":8},"end":{"line":32,"column":9}},"8":{"start":{"line":17,"column":60},"end":{"line":17,"column":71}},"9":{"start":{"line":19,"column":24},"end":{"line":19,"column":26}},"10":{"start":{"line":21,"column":12},"end":{"line":23,"column":13}},"11":{"start":{"line":22,"column":16},"end":{"line":22,"column":62}},"12":{"start":{"line":25,"column":12},"end":{"line":27,"column":13}},"13":{"start":{"line":26,"column":16},"end":{"line":26,"column":54}},"14":{"start":{"line":29,"column":26},"end":{"line":29,"column":48}},"15":{"start":{"line":31,"column":12},"end":{"line":31,"column":24}}},"fnMap":{"0":{"name":"searchMeals","decl":{"start":{"line":12,"column":26},"end":{"line":12,"column":37}},"loc":{"start":{"line":12,"column":65},"end":{"line":34,"column":1}},"line":12},"1":{"name":"(anonymous_1)","decl":{"start":{"line":13,"column":12},"end":{"line":13,"column":13}},"loc":{"start":{"line":13,"column":24},"end":{"line":33,"column":5}},"line":13}},"branchMap":{"0":{"loc":{"start":{"line":15,"column":8},"end":{"line":15,"column":79}},"type":"if","locations":[{"start":{"line":15,"column":8},"end":{"line":15,"column":79}},{"start":{"line":15,"column":8},"end":{"line":15,"column":79}}],"line":15},"1":{"loc":{"start":{"line":17,"column":8},"end":{"line":32,"column":9}},"type":"if","locations":[{"start":{"line":17,"column":8},"end":{"line":32,"column":9}},{"start":{"line":17,"column":8},"end":{"line":32,"column":9}}],"line":17},"2":{"loc":{"start":{"line":17,"column":12},"end":{"line":17,"column":58}},"type":"binary-expr","locations":[{"start":{"line":17,"column":12},"end":{"line":17,"column":31}},{"start":{"line":17,"column":35},"end":{"line":17,"column":58}}],"line":17},"3":{"loc":{"start":{"line":21,"column":12},"end":{"line":23,"column":13}},"type":"if","locations":[{"start":{"line":21,"column":12},"end":{"line":23,"column":13}},{"start":{"line":21,"column":12},"end":{"line":23,"column":13}}],"line":21},"4":{"loc":{"start":{"line":25,"column":12},"end":{"line":27,"column":13}},"type":"if","locations":[{"start":{"line":25,"column":12},"end":{"line":27,"column":13}},{"start":{"line":25,"column":12},"end":{"line":27,"column":13}}],"line":25},"5":{"loc":{"start":{"line":25,"column":16},"end":{"line":25,"column":51}},"type":"binary-expr","locations":[{"start":{"line":25,"column":16},"end":{"line":25,"column":26}},{"start":{"line":25,"column":30},"end":{"line":25,"column":51}}],"line":25}},"s":{"0":1,"1":1,"2":1,"3":4,"4":4,"5":4,"6":1,"7":3,"8":1,"9":2,"10":2,"11":2,"12":2,"13":1,"14":2,"15":2},"f":{"0":4,"1":4},"b":{"0":[1,3],"1":[1,2],"2":[3,1],"3":[2,0],"4":[1,1],"5":[2,2]},"_coverageSchema":"1a1c01bbd47fc00a2c39e90264f33305004495a9","hash":"65cea450d916142639dcd99dbe7d2a61bda528a6","contentHash":"d2cba274d9034b4bde360297b900bbdc719d3fe36d977c9cd41522e2dd6e48f8"},"/Users/laraamadeo/workspace/isdi-parttime-202303/staff/lara-amadeo/project/api/logic/toggleLikeChef.js":{"path":"/Users/laraamadeo/workspace/isdi-parttime-202303/staff/lara-amadeo/project/api/logic/toggleLikeChef.js","statementMap":{"0":{"start":{"line":1,"column":23},"end":{"line":1,"column":48}},"1":{"start":{"line":2,"column":39},"end":{"line":2,"column":59}},"2":{"start":{"line":4,"column":0},"end":{"line":25,"column":1}},"3":{"start":{"line":5,"column":4},"end":{"line":24,"column":8}},"4":{"start":{"line":6,"column":21},"end":{"line":6,"column":48}},"5":{"start":{"line":7,"column":8},"end":{"line":7,"column":79}},"6":{"start":{"line":7,"column":19},"end":{"line":7,"column":79}},"7":{"start":{"line":9,"column":8},"end":{"line":23,"column":9}},"8":{"start":{"line":10,"column":12},"end":{"line":10,"column":40}},"9":{"start":{"line":12,"column":12},"end":{"line":12,"column":23}},"10":{"start":{"line":14,"column":12},"end":{"line":14,"column":18}},"11":{"start":{"line":16,"column":26},"end":{"line":16,"column":83}},"12":{"start":{"line":16,"column":58},"end":{"line":16,"column":82}},"13":{"start":{"line":18,"column":12},"end":{"line":18,"column":44}},"14":{"start":{"line":20,"column":12},"end":{"line":20,"column":23}},"15":{"start":{"line":22,"column":12},"end":{"line":22,"column":18}}},"fnMap":{"0":{"name":"toggleLikeChef","decl":{"start":{"line":4,"column":26},"end":{"line":4,"column":40}},"loc":{"start":{"line":4,"column":57},"end":{"line":25,"column":1}},"line":4},"1":{"name":"(anonymous_1)","decl":{"start":{"line":5,"column":12},"end":{"line":5,"column":13}},"loc":{"start":{"line":5,"column":24},"end":{"line":24,"column":5}},"line":5},"2":{"name":"(anonymous_2)","decl":{"start":{"line":16,"column":52},"end":{"line":16,"column":53}},"loc":{"start":{"line":16,"column":58},"end":{"line":16,"column":82}},"line":16}},"branchMap":{"0":{"loc":{"start":{"line":7,"column":8},"end":{"line":7,"column":79}},"type":"if","locations":[{"start":{"line":7,"column":8},"end":{"line":7,"column":79}},{"start":{"line":7,"column":8},"end":{"line":7,"column":79}}],"line":7},"1":{"loc":{"start":{"line":9,"column":8},"end":{"line":23,"column":9}},"type":"if","locations":[{"start":{"line":9,"column":8},"end":{"line":23,"column":9}},{"start":{"line":9,"column":8},"end":{"line":23,"column":9}}],"line":9},"2":{"loc":{"start":{"line":9,"column":12},"end":{"line":9,"column":77}},"type":"binary-expr","locations":[{"start":{"line":9,"column":12},"end":{"line":9,"column":40}},{"start":{"line":9,"column":44},"end":{"line":9,"column":77}}],"line":9}},"s":{"0":1,"1":1,"2":1,"3":4,"4":4,"5":4,"6":1,"7":3,"8":1,"9":1,"10":1,"11":2,"12":2,"13":2,"14":2,"15":2},"f":{"0":4,"1":4,"2":2},"b":{"0":[1,3],"1":[1,2],"2":[3,2]},"_coverageSchema":"1a1c01bbd47fc00a2c39e90264f33305004495a9","hash":"e5631464cd0914d23c3508f58f46de8f9a476239","contentHash":"9b30b400ade893f5b7850ce739c698bebc1a87a584b45327e38aa23599e65647"},"/Users/laraamadeo/workspace/isdi-parttime-202303/staff/lara-amadeo/project/api/logic/retrieveLikedChefs.js":{"path":"/Users/laraamadeo/workspace/isdi-parttime-202303/staff/lara-amadeo/project/api/logic/retrieveLikedChefs.js","statementMap":{"0":{"start":{"line":1,"column":17},"end":{"line":1,"column":42}},"1":{"start":{"line":2,"column":50},"end":{"line":2,"column":70}},"2":{"start":{"line":9,"column":0},"end":{"line":15,"column":1}},"3":{"start":{"line":10,"column":4},"end":{"line":10,"column":12}},"4":{"start":{"line":11,"column":17},"end":{"line":11,"column":130}},"5":{"start":{"line":12,"column":4},"end":{"line":12,"column":75}},"6":{"start":{"line":12,"column":15},"end":{"line":12,"column":75}},"7":{"start":{"line":14,"column":4},"end":{"line":14,"column":26}}},"fnMap":{"0":{"name":"retrieveLikedChefs","decl":{"start":{"line":9,"column":32},"end":{"line":9,"column":50}},"loc":{"start":{"line":9,"column":59},"end":{"line":15,"column":1}},"line":9}},"branchMap":{"0":{"loc":{"start":{"line":12,"column":4},"end":{"line":12,"column":75}},"type":"if","locations":[{"start":{"line":12,"column":4},"end":{"line":12,"column":75}},{"start":{"line":12,"column":4},"end":{"line":12,"column":75}}],"line":12}},"s":{"0":1,"1":1,"2":1,"3":2,"4":2,"5":2,"6":1,"7":1},"f":{"0":2},"b":{"0":[1,1]},"_coverageSchema":"1a1c01bbd47fc00a2c39e90264f33305004495a9","hash":"8571cf613cbb8611b271ea56140bba293f6a3a4f","contentHash":"ba3d648f85d272c80988a97a59c47256615df5e15d622a8ebefa2fa885f1323a"},"/Users/laraamadeo/workspace/isdi-parttime-202303/staff/lara-amadeo/project/api/helpers/tests/index.js":{"path":"/Users/laraamadeo/workspace/isdi-parttime-202303/staff/lara-amadeo/project/api/helpers/tests/index.js","statementMap":{"0":{"start":{"line":1,"column":0},"end":{"line":5,"column":1}}},"fnMap":{},"branchMap":{},"s":{"0":1},"f":{},"b":{},"_coverageSchema":"1a1c01bbd47fc00a2c39e90264f33305004495a9","hash":"4944b1bb586cce850a71bee2b188bba70bd7cf84","contentHash":"304a596329ae0758d28f993806054f24528dd51684969fa09a42fbfc769c22e1"},"/Users/laraamadeo/workspace/isdi-parttime-202303/staff/lara-amadeo/project/api/helpers/tests/generateUser.js":{"path":"/Users/laraamadeo/workspace/isdi-parttime-202303/staff/lara-amadeo/project/api/helpers/tests/generateUser.js","statementMap":{"0":{"start":{"line":1,"column":32},"end":{"line":1,"column":51}},"1":{"start":{"line":3,"column":0},"end":{"line":21,"column":1}},"2":{"start":{"line":4,"column":4},"end":{"line":20,"column":5}}},"fnMap":{"0":{"name":"(anonymous_0)","decl":{"start":{"line":3,"column":17},"end":{"line":3,"column":18}},"loc":{"start":{"line":3,"column":23},"end":{"line":21,"column":1}},"line":3}},"branchMap":{},"s":{"0":1,"1":1,"2":77},"f":{"0":77},"b":{},"_coverageSchema":"1a1c01bbd47fc00a2c39e90264f33305004495a9","hash":"7f64b238ea53fcc1cb6100f4c50a07f0d705ec43","contentHash":"7f80a67d62b8e749f1baf0842691d2ec79681b0dfdf87001ccf40c56cacdb0f8"},"/Users/laraamadeo/workspace/isdi-parttime-202303/staff/lara-amadeo/project/api/helpers/tests/generateMeal.js":{"path":"/Users/laraamadeo/workspace/isdi-parttime-202303/staff/lara-amadeo/project/api/helpers/tests/generateMeal.js","statementMap":{"0":{"start":{"line":1,"column":32},"end":{"line":1,"column":51}},"1":{"start":{"line":4,"column":0},"end":{"line":18,"column":1}},"2":{"start":{"line":5,"column":4},"end":{"line":17,"column":5}}},"fnMap":{"0":{"name":"(anonymous_0)","decl":{"start":{"line":4,"column":17},"end":{"line":4,"column":18}},"loc":{"start":{"line":4,"column":23},"end":{"line":18,"column":1}},"line":4}},"branchMap":{},"s":{"0":1,"1":1,"2":41},"f":{"0":41},"b":{},"_coverageSchema":"1a1c01bbd47fc00a2c39e90264f33305004495a9","hash":"5830c56c77d7039857cce870429d4c0704affd77","contentHash":"2ffe595db95bc476ed67184f9f4ec97db6bfb4d7225d59b4d2d14e3b6a75c8ab"},"/Users/laraamadeo/workspace/isdi-parttime-202303/staff/lara-amadeo/project/api/helpers/tests/cleanUp.js":{"path":"/Users/laraamadeo/workspace/isdi-parttime-202303/staff/lara-amadeo/project/api/helpers/tests/cleanUp.js","statementMap":{"0":{"start":{"line":1,"column":23},"end":{"line":1,"column":51}},"1":{"start":{"line":3,"column":0},"end":{"line":8,"column":1}},"2":{"start":{"line":4,"column":4},"end":{"line":7,"column":6}}},"fnMap":{"0":{"name":"cleanUp","decl":{"start":{"line":3,"column":32},"end":{"line":3,"column":39}},"loc":{"start":{"line":3,"column":42},"end":{"line":8,"column":1}},"line":3}},"branchMap":{},"s":{"0":1,"1":1,"2":62},"f":{"0":62},"b":{},"_coverageSchema":"1a1c01bbd47fc00a2c39e90264f33305004495a9","hash":"1425bfb4a40d8257d2909ee06c009c129379d4dd","contentHash":"fb0e49ae7637b114012028707a5331c46415e4fc39bd3ee6b85646c54faf8806"},"/Users/laraamadeo/workspace/isdi-parttime-202303/staff/lara-amadeo/project/api/logic/authenticateUser.spec.js":{"path":"/Users/laraamadeo/workspace/isdi-parttime-202303/staff/lara-amadeo/project/api/logic/authenticateUser.spec.js","statementMap":{"0":{"start":{"line":1,"column":15},"end":{"line":1,"column":32}},"1":{"start":{"line":2,"column":0},"end":{"line":2,"column":15}},"2":{"start":{"line":3,"column":19},"end":{"line":3,"column":34}},"3":{"start":{"line":4,"column":21},"end":{"line":4,"column":37}},"4":{"start":{"line":5,"column":17},"end":{"line":5,"column":36}},"5":{"start":{"line":7,"column":29},"end":{"line":7,"column":48}},"6":{"start":{"line":8,"column":34},"end":{"line":8,"column":61}},"7":{"start":{"line":10,"column":17},"end":{"line":10,"column":42}},"8":{"start":{"line":12,"column":50},"end":{"line":12,"column":70}},"9":{"start":{"line":14,"column":0},"end":{"line":53,"column":2}},"10":{"start":{"line":15,"column":4},"end":{"line":17,"column":6}},"11":{"start":{"line":16,"column":8},"end":{"line":16,"column":55}},"12":{"start":{"line":21,"column":4},"end":{"line":25,"column":6}},"13":{"start":{"line":22,"column":8},"end":{"line":22,"column":23}},"14":{"start":{"line":23,"column":8},"end":{"line":23,"column":29}},"15":{"start":{"line":24,"column":8},"end":{"line":24,"column":31}},"16":{"start":{"line":27,"column":4},"end":{"line":29,"column":6}},"17":{"start":{"line":28,"column":8},"end":{"line":28,"column":35}},"18":{"start":{"line":31,"column":4},"end":{"line":34,"column":6}},"19":{"start":{"line":32,"column":23},"end":{"line":32,"column":72}},"20":{"start":{"line":33,"column":8},"end":{"line":33,"column":31}},"21":{"start":{"line":36,"column":4},"end":{"line":43,"column":6}},"22":{"start":{"line":37,"column":8},"end":{"line":42,"column":9}},"23":{"start":{"line":38,"column":12},"end":{"line":38,"column":76}},"24":{"start":{"line":40,"column":12},"end":{"line":40,"column":58}},"25":{"start":{"line":41,"column":12},"end":{"line":41,"column":95}},"26":{"start":{"line":45,"column":4},"end":{"line":52,"column":6}},"27":{"start":{"line":46,"column":8},"end":{"line":51,"column":9}},"28":{"start":{"line":47,"column":12},"end":{"line":47,"column":63}},"29":{"start":{"line":49,"column":12},"end":{"line":49,"column":53}},"30":{"start":{"line":50,"column":12},"end":{"line":5
[...]
_0)","decl":{"start":{"line":14,"column":42},"end":{"line":14,"column":43}},"loc":{"start":{"line":14,"column":48},"end":{"line":90,"column":1}},"line":14},"1":{"name":"(anonymous_1)","decl":{"start":{"line":15,"column":11},"end":{"line":15,"column":12}},"loc":{"start":{"line":15,"column":23},"end":{"line":17,"column":5}},"line":15},"2":{"name":"(anonymous_2)","decl":{"start":{"line":21,"column":15},"end":{"line":21,"column":16}},"loc":{"start":{"line":21,"column":27},"end":{"line":40,"column":5}},"line":21},"3":{"name":"(anonymous_3)","decl":{"start":{"line":42,"column":10},"end":{"line":42,"column":11}},"loc":{"start":{"line":42,"column":22},"end":{"line":44,"column":5}},"line":42},"4":{"name":"(anonymous_4)","decl":{"start":{"line":46,"column":60},"end":{"line":46,"column":61}},"loc":{"start":{"line":46,"column":72},"end":{"line":80,"column":5}},"line":46},"5":{"name":"(anonymous_5)","decl":{"start":{"line":82,"column":56},"end":{"line":82,"column":57}},"loc":{"start":{"line":82,"column":68},"end":{"line":89,"column":5}},"line":82}},"branchMap":{},"s":{"0":1,"1":1,"2":1,"3":1,"4":1,"5":1,"6":1,"7":1,"8":1,"9":1,"10":1,"11":1,"12":1,"13":2,"14":2,"15":2,"16":2,"17":2,"18":1,"19":1,"20":1,"21":1,"22":1,"23":1,"24":1,"25":1,"26":1,"27":1,"28":1,"29":1,"30":1,"31":1,"32":1,"33":1,"34":1,"35":1,"36":1,"37":1},"f":{"0":1,"1":1,"2":2,"3":1,"4":1,"5":1},"b":{},"_coverageSchema":"1a1c01bbd47fc00a2c39e90264f33305004495a9","hash":"35b135a86e9d61bff9d419d2abdbfd13386d4e98","contentHash":"f319da2d3e9190d179c830f1c1fe7394f8ae3d4bb776ce6161559422672b14f6"},"/Users/laraamadeo/workspace/isdi-parttime-202303/staff/lara-amadeo/project/api/logic/searchMeals.spec.js":{"path":"/Users/laraamadeo/workspace/isdi-parttime-202303/staff/lara-amadeo/project/api/logic/searchMeals.spec.js","statementMap":{"0":{"start":{"line":1,"column":15},"end":{"line":1,"column":32}},"1":{"start":{"line":2,"column":0},"end":{"line":2,"column":15}},"2":{"start":{"line":3,"column":19},"end":{"line":3,"column":34}},"3":{"start":{"line":4,"column":21},"end":{"line":4,"column":37}},"4":{"start":{"line":5,"column":17},"end":{"line":5,"column":36}},"5":{"start":{"line":7,"column":24},"end":{"line":7,"column":43}},"6":{"start":{"line":8,"column":48},"end":{"line":8,"column":75}},"7":{"start":{"line":10,"column":23},"end":{"line":10,"column":48}},"8":{"start":{"line":12,"column":50},"end":{"line":12,"column":70}},"9":{"start":{"line":14,"column":0},"end":{"line":122,"column":2}},"10":{"start":{"line":15,"column":4},"end":{"line":17,"column":6}},"11":{"start":{"line":16,"column":8},"end":{"line":16,"column":60}},"12":{"start":{"line":21,"column":4},"end":{"line":23,"column":6}},"13":{"start":{"line":22,"column":8},"end":{"line":22,"column":29}},"14":{"start":{"line":25,"column":4},"end":{"line":28,"column":6}},"15":{"start":{"line":26,"column":8},"end":{"line":26,"column":23}},"16":{"start":{"line":27,"column":8},"end":{"line":27,"column":35}},"17":{"start":{"line":30,"column":4},"end":{"line":56,"column":6}},"18":{"start":{"line":31,"column":23},"end":{"line":31,"column":46}},"19":{"start":{"line":33,"column":26},"end":{"line":33,"column":40}},"20":{"start":{"line":34,"column":8},"end":{"line":34,"column":45}},"21":{"start":{"line":35,"column":8},"end":{"line":35,"column":54}},"22":{"start":{"line":36,"column":8},"end":{"line":36,"column":36}},"23":{"start":{"line":37,"column":22},"end":{"line":37,"column":50}},"24":{"start":{"line":39,"column":26},"end":{"line":39,"column":40}},"25":{"start":{"line":40,"column":8},"end":{"line":40,"column":40}},"26":{"start":{"line":41,"column":8},"end":{"line":41,"column":55}},"27":{"start":{"line":42,"column":8},"end":{"line":42,"column":36}},"28":{"start":{"line":43,"column":22},"end":{"line":43,"column":50}},"29":{"start":{"line":45,"column":26},"end":{"line":45,"column":40}},"30":{"start":{"line":46,"column":8},"end":{"line":46,"column":44}},"31":{"start":{"line":47,"column":8},"end":{"line":47,"column":55}},"32":{"start":{"line":48,"column":8},"end":{"line":48,"column":36}},"33":{"start":{"line":49,"column":22},"end":{"line":49,"column":50}},"34":{"start":{"line":51,"column":31},"end":{"line":51,"column":96}},"35":{"start":{"line":53,"column":8},"end":{"line":53,"column":48}},"36":{"start":{"line":54,"column":8},"end":{"line":54,"column":50}},"37":{"start":{"line":55,"column":8},"end":{"line":55,"column":69}},"38":{"start":{"line":58,"column":4},"end":{"line":85,"column":6}},"39":{"start":{"line":59,"column":23},"end":{"line":59,"column":46}},"40":{"start":{"line":61,"column":26},"end":{"line":61,"column":40}},"41":{"start":{"line":62,"column":8},"end":{"line":62,"column":45}},"42":{"start":{"line":63,"column":8},"end":{"line":63,"column":54}},"43":{"start":{"line":64,"column":8},"end":{"line":64,"column":36}},"44":{"start":{"line":65,"column":22},"end":{"line":65,"column":50}},"45":{"start":{"line":67,"column":26},"end":{"line":67,"column":40}},"46":{"start":{"line":68,"column":8},"end":{"line":68,"column":40}},"47":{"start":{"line":69,"column":8},"end":{"line":69,"column":55}},"48":{"start":{"line":70,"column":8},"end":{"line":70,"column":36}},"49":{"start":{"line":71,"column":22},"end":{"line":71,"column":50}},"50":{"start":{"line":73,"column":26},"end":{"line":73,"column":40}},"51":{"start":{"line":74,"column":8},"end":{"line":74,"column":44}},"52":{"start":{"line":75,"column":8},"end":{"line":75,"column":55}},"53":{"start":{"line":76,"column":8},"end":{"line":76,"column":36}},"54":{"start":{"line":77,"column":22},"end":{"line":77,"column":50}},"55":{"start":{"line":78,"column":22},"end":{"line":78,"column":28}},"56":{"start":{"line":79,"column":31},"end":{"line":79,"column":70}},"57":{"start":{"line":81,"column":8},"end":{"line":81,"column":30}},"58":{"start":{"line":82,"column":8},"end":{"line":82,"column":48}},"59":{"start":{"line":83,"column":8},"end":{"line":83,"column":50}},"60":{"start":{"line":84,"column":8},"end":{"line":84,"column":64}},"61":{"start":{"line":87,"column":4},"end":{"line":112,"column":6}},"62":{"start":{"line":88,"column":23},"end":{"line":88,"column":46}},"63":{"start":{"line":90,"column":26},"end":{"line":90,"column":40}},"64":{"start":{"line":91,"column":8},"end":{"line":91,"column":45}},"65":{"start":{"line":92,"column":8},"end":{"line":92,"column":54}},"66":{"start":{"line":93,"column":8},"end":{"line":93,"column":36}},"67":{"start":{"line":94,"column":22},"end":{"line":94,"column":50}},"68":{"start":{"line":96,"column":26},"end":{"line":96,"column":40}},"69":{"start":{"line":97,"column":8},"end":{"line":97,"column":40}},"70":{"start":{"line":98,"column":8},"end":{"line":98,"column":55}},"71":{"start":{"line":99,"column":8},"end":{"line":99,"column":36}},"72":{"start":{"line":100,"column":22},"end":{"line":100,"column":50}},"73":{"start":{"line":102,"column":26},"end":{"line":102,"column":40}},"74":{"start":{"line":103,"column":8},"end":{"line":103,"column":44}},"75":{"start":{"line":104,"column":8},"end":{"line":104,"column":55}},"76":{"start":{"line":105,"column":8},"end":{"line":105,"column":36}},"77":{"start":{"line":106,"column":22},"end":{"line":106,"column":50}},"78":{"start":{"line":108,"column":31},"end":{"line":108,"column":74}},"79":{"start":{"line":110,"column":8},"end":{"line":110,"column":41}},"80":{"start":{"line":114,"column":4},"end":{"line":121,"column":6}},"81":{"start":{"line":115,"column":8},"end":{"line":120,"column":9}},"82":{"start":{"line":116,"column":12},"end":{"line":116,"column":70}},"83":{"start":{"line":118,"column":12},"end":{"line":118,"column":58}},"84":{"start":{"line":119,"column":12},"end":{"line":119,"column":60}}},"fnMap":{"0":{"name":"(anonymous_0)","decl":{"start":{"line":14,"column":24},"end":{"line":14,"column":25}},"loc":{"start":{"line":14,"column":30},"end":{"line":122,"column":1}},"line":14},"1":{"name":"(anonymous_1)","decl":{"start":{"line":15,"column":11},"end":{"line":15,"column":12}},"loc":{"start":{"line":15,"column":23},"end":{"line":17,"column":5}},"line":15},"2":{"name":"(anonymous_2)","decl":{"start":{"line":21,"column":15},"end":{"line":21,"column":16}},"loc":{"start":{"line":21,"column":27},"end":{"line":23,"column":5}},"line":21},"3":{"name":"(anonymous_3)","decl":{"start":{"line":25,"column":10},"end":{"line":25,"column":11}},"loc":{"start":{"line":25,"column":22},"end":{"line":28,"column":5}},"line":25},"4":{"name":"(anonymous_4)","decl":{"start":{"line":30,"column":73},"end":{"line":30,"column":74}},"loc":{"start":{"line":30,"column":85},"end":{"line":56,"column":5}},"line":30},"5":{"name":"(anonymous_5)","decl":{"start":{"line":58,"column":58},"end":{"line":58,"column":59}},"loc":{"start":{"line":58,"column":70},"end":{"line":85,"column":5}},"line":58},"6":{"name":"(anonymous_6)","decl":{"start":{"line":87,"column":71},"end":{"line":87,"column":72}},"loc":{"start":{"line":87,"column":83},"end":{"line":112,"column":5}},"line":87},"7":{"name":"(anonymous_7)","decl":{"start":{"line":114,"column":56},"end":{"line":114,"column":57}},"loc":{"start":{"line":114,"column":68},"end":{"line":121,"column":5}},"line":114}},"branchMap":{},"s":{"0":1,"1":1,"2":1,"3":1,"4":1,"5":1,"6":1,"7":1,"8":1,"9":1,"10":1,"11":1,"12":1,"13":4,"14":1,"15":1,"16":1,"17":1,"18":1,"19":1,"20":1,"21":1,"22":1,"23":1,"24":1,"25":1,"26":1,"27":1,"28":1,"29":1,"30":1,"31":1,"32":1,"33":1,"34":1,"35":1,"36":1,"37":1,"38":1,"39":1,"40":1,"41":1,"42":1,"43":1,"44":1,"45":1,"46":1,"47":1,"48":1,"49":1,"50":1,"51":1,"52":1,"53":1,"54":1,"55":1,"56":1,"57":1,"58":1,"59":1,"60":1,"61":1,"62":1,"63":1,"64":1,"65":1,"66":1,"67":1,"68":1,"69":1,"70":1,"71":1,"72":1,"73":1,"74":1,"75":1,"76":1,"77":1,"78":1,"79":1,"80":1,"81":1,"82":1,"83":1,"84":1},"f":{"0":1,"1":1,"2":4,"3":1,"4":1,"5":1,"6":1,"7":1},"b":{},"_coverageSchema":"1a1c01bbd47fc00a2c39e90264f33305004495a9","hash":"859e6cd7d6407b0dda1cbb833efc1bf02e86cad2","contentHash":"1fcd6c460ae664a49b9d7cb935e14587758c394b40fcac842cca6da4c0c785a6"},"/Users/laraamadeo/workspace/isdi-parttime-202303/staff/lara-amadeo/project/api/logic/toggleLikeChef.spec.js":{"path":"/Users/laraamadeo/workspace/isdi-parttime-202303/staff/lara-amadeo/project/api/logic/toggleLikeChef.spec.js","statementMap":{"0":{"start":{"line":1,"column":15},"end":{"line":1,"column":32}},"1":{"start":{"line":2,"column":0},"end":{"line":2,"column":15}},"2":{"start":{"line":3,"column":19},"end":{"line":3,"column":34}},"3":{"start":{"line":4,"column":21},"end":{"line":4,"column":37}},"4":{"start":{"line":5,"column":17},"end":{"line":5,"column":36}},"5":{"start":{"line":7,"column":27},"end":{"line":7,"column":46}},"6":{"start":{"line":8,"column":48},"end":{"line":8,"column":75}},"7":{"start":{"line":10,"column":23},"end":{"line":10,"column":48}},"8":{"start":{"line":12,"column":50},"end":{"line":12,"column":70}},"9":{"start":{"line":14,"column":0},"end":{"line":70,"column":2}},"10":{"start":{"line":15,"column":4},"end":{"line":17,"column":6}},"11":{"start":{"line":16,"column":8},"end":{"line":16,"column":55}},"12":{"start":{"line":21,"column":4},"end":{"line":23,"column":6}},"13":{"start":{"line":22,"column":8},"end":{"line":22,"column":23}},"14":{"start":{"line":25,"column":4},"end":{"line":27,"column":6}},"15":{"start":{"line":26,"column":8},"end":{"line":26,"column":35}},"16":{"start":{"line":29,"column":4},"end":{"line":40,"column":6}},"17":{"start":{"line":30,"column":21},"end":{"line":30,"column":54}},"18":{"start":{"line":31,"column":21},"end":{"line":31,"column":54}},"19":{"start":{"line":33,"column":8},"end":{"line":33,"column":70}},"20":{"start":{"line":35,"column":28},"end":{"line":35,"column":57}},"21":{"start":{"line":37,"column":8},"end":{"line":37,"column":36}},"22":{"start":{"line":38,"column":8},"end":{"line":38,"column":56}},"23":{"start":{"line":39,"column":8},"end":{"line":39,"column":70}},"24":{"start":{"line":42,"column":4},"end":{"line":58,"column":6}},"25":{"start":{"line":43,"column":21},"end":{"line":43,"column":54}},"26":{"start":{"line":44,"column":21},"end":{"line":44,"column":54}},"27":{"start":{"line":47,"column":8},"end":{"line":47,"column":38}},"28":{"start":{"line":48,"column":8},"end":{"line":48,"column":25}},"29":{"start":{"line":50,"column":8},"end":{"line":50,"column":70}},"30":{"start":{"line":51,"column":8},"end":{"line":51,"column":70}},"31":{"start":{"line":53,"column":28},"end":{"line":53,"column":57}},"32":{"start":{"line":55,"column":8},"end":{"line":55,"column":36}},"33":{"start":{"line":56,"column":8},"end":{"line":56,"column":56}},"34":{"start":{"line":57,"column":8},"end":{"line":57,"column":74}},"35":{"start":{"line":60,"column":4},"end":{"line":69,"column":6}},"36":{"start":{"line":61,"column":23},"end":{"line":61,"column":49}},"37":{"start":{"line":63,"column":8},"end":{"line":68,"column":9}},"38":{"start":{"line":64,"column":12},"end":{"line":64,"column":68}},"39":{"start":{"line":66,"column":12},"end":{"line":66,"column":61}},"40":{"start":{"line":67,"column":12},"end":{"line":67,"column":93}}},"fnMap":{"0":{"name":"(anonymous_0)","decl":{"start":{"line":14,"column":27},"end":{"line":14,"column":28}},"loc":{"start":{"line":14,"column":33},"end":{"line":70,"column":1}},"line":14},"1":{"name":"(anonymous_1)","decl":{"start":{"line":15,"column":11},"end":{"line":15,"column":12}},"loc":{"start":{"line":15,"column":23},"end":{"line":17,"column":5}},"line":15},"2":{"name":"(anonymous_2)","decl":{"start":{"line":21,"column":15},"end":{"line":21,"column":16}},"loc":{"start":{"line":21,"column":27},"end":{"line":23,"column":5}},"line":21},"3":{"name":"(anonymous_3)","decl":{"start":{"line":25,"column":10},"end":{"line":25,"column":11}},"loc":{"start":{"line":25,"column":22},"end":{"line":27,"column":5}},"line":25},"4":{"name":"(anonymous_4)","decl":{"start":{"line":29,"column":69},"end":{"line":29,"column":70}},"loc":{"start":{"line":29,"column":81},"end":{"line":40,"column":5}},"line":29},"5":{"name":"(anonymous_5)","decl":{"start":{"line":42,"column":70},"end":{"line":42,"column":71}},"loc":{"start":{"line":42,"column":82},"end":{"line":58,"column":5}},"line":42},"6":{"name":"(anonymous_6)","decl":{"start":{"line":60,"column":59},"end":{"line":60,"column":60}},"loc":{"start":{"line":60,"column":71},"end":{"line":69,"column":5}},"line":60}},"branchMap":{},"s":{"0":1,"1":1,"2":1,"3":1,"4":1,"5":1,"6":1,"7":1,"8":1,"9":1,"10":1,"11":1,"12":1,"13":3,"14":1,"15":1,"16":1,"17":1,"18":1,"19":1,"20":1,"21":1,"22":1,"23":1,"24":1,"25":1,"26":1,"27":1,"28":1,"29":1,"30":1,"31":1,"32":1,"33":1,"34":1,"35":1,"36":1,"37":1,"38":1,"39":1,"40":1},"f":{"0":1,"1":1,"2":3,"3":1,"4":1,"5":1,"6":1},"b":{},"_coverageSchema":"1a1c01bbd47fc00a2c39e90264f33305004495a9","hash":"287d9b989fb04c677f0837aeaeba3f30b6911908","contentHash":"fc8ad717da91b17f7d1bf42f95c01f753bafc1d97b5dfab2e3269a870e9935e1"},"/Users/laraamadeo/workspace/isdi-parttime-202303/staff/lara-amadeo/project/api/logic/updateMeal.spec.js":{"path":"/Users/laraamadeo/workspace/isdi-parttime-202303/staff/lara-amadeo/project/api/logic/updateMeal.spec.js","statementMap":{"0":{"start":{"line":1,"column":15},"end":{"line":1,"column":32}},"1":{"start":{"line":2,"column":0},"end":{"line":2,"column":15}},"2":{"start":{"line":3,"column":19},"end":{"line":3,"column":34}},"3":{"start":{"line":4,"column":21},"end":{"line":4,"column":37}},"4":{"start":{"line":5,"column":17},"end":{"line":5,"column":36}},"5":{"start":{"line":7,"column":23},"end":{"line":7,"column":42}},"6":{"start":{"line":8,"column":48},"end":{"line":8,"column":75}},"7":{"start":{"line":10,"column":23},"end":{"line":10,"column":48}},"8":{"start":{"line":12,"column":50},"end":{"line":12,"column":70}},"9":{"start":{"line":14,"column":0},"end":{"line":115,"column":2}},"10":{"start":{"line":15,"column":4},"end":{"line":17,"column":6}},"11":{"start":{"line":16,"column":8},"end":{"line":16,"column":55}},"12":{"start":{"line":21,"column":4},"end":{"line":25,"column":6}},"13":{"start":{"line":22,"column":8},"end":{"line":22,"column":48}},"14":{"start":{"line":23,"column":8},"end":{"line":23,"column":48}},"15":{"start":{"line":24,"column":8},"end":{"line":24,"column":69}},"16":{"start":{"line":27,"column":4},"end":{"line":30,"column":6}},"17":{"start":{"line":28,"column":8},"end":{"line":28,"column":23}},"18":{"start":{"line":29,"column":8},"end":{"line":29,"column":35}},"19":{"start":{"line":32,"column":4},"end":{"line":51,"column":6}},"20":{"start":{"line":33,"column":29},"end":{"line":33,"column":49}},"21":{"start":{"line":34,"column":35},"end":{"line":34,"column":61}},"22":{"start":{"line":36,"column":8},"end":{"line":46,"column":9}},"23":{"start":{"line":48,"column":28},"end":{"line":48,"column":57}},"24":{"start":{"line":49,"column":8},"end":{"line":49,"column":56}},"25":{"start":{"line":50,"column":8},"end":{"line":50,"column":68}},"26":{"start":{"line":53,"column":4},"end":{"line":72,"column":6}},"27":{"start":{"line":54,"column":26},"end":{"line":54,"column":59}},"28":{"start":{"line":56,"column":8},"end":{"line":71,"column":9}},"29":{"start":{"line":57,"column":12},"end":{"line":67,"column":13}},"30":{"start":{"line":69,"column":12},"end":{"line":69,"column":53}},"31":{"start":{"line":70,"column":12},"end":{"line":70,"column":101}},"32":{"start":{"line":74,"column":4},"end":{"line":93,"column":6}},"33":{"start":{"line":75,"column":34},"end":{"line":75,"column":63}},"34":{"start":{"line":77,"column":8},"end":{"line":92,"column":9}},"35":{"start":{"line":78,"column":12},"end":{"line":88,"column":13}},"36":{"start":{"line":90,"column":12},"end":{"line":90,"column":58}},"37":{"start":{"line":91,"column":12},"end":{"line":91,"column":91}},"38":{"start":{"line":95,"column":4},"end":{"line":114,"column":6}},"39":{"start":{"line":96,"column":34},"end":{"line":96,"column":63}},"40":{"start":{"line":98,"column":8},"end":{"line":113,"column":9}},"41":{"start":{"line":99,"column":12},"end":{"line":109,"column":13}},"42":{"start":{"line":111,"column":12},"end":{"line":111,"column":58}},"43":{"start":{"line":112,"column":12},"end":{"line":112,"column":91}}},"fnMap":{"0":{"name":"(anonymous_0)","decl":{"start":{"line":14,"column":23},"end":{"line":14,"column":24}},"loc":{"start":{"line":14,"column":29},"end":{"line":115,"column":1}},"line":14},"1":{"name":"(anonymous_1)","decl":{"start":{"line":15,"column":11},"end":{"line":15,"column":12}},"loc":{"start":{"line":15,"column":23},"end":{"line":17,"column":5}},"line":15},"2":{"name":"(anonymous_2)","decl":{"start":{"line":21,"column":15},"end":{"line":21,"column":16}},"loc":{"start":{"line":21,"column":27},"end":{"line":25,"column":5}},"line":21},"3":{"name":"(anonymous_3)","decl":{"start":{"line":27,"column":10},"end":{"line":27,"column":11}},"loc":{"start":{"line":27,"column":22},"end":{"line":30,"column":5}},"line":27},"4":{"name":"(anonymous_4)","decl":{"start":{"line":32,"column":57},"end":{"line":32,"column":58}},"loc":{"start":{"line":32,"column":69},"end":{"line":51,"column":5}},"line":32},"5":{"name":"(anonymous_5)","decl":{"start":{"line":53,"column":70},"end":{"line":53,"column":71}},"loc":{"start":{"line":53,"column":82},"end":{"line":72,"column":5}},"line":53},"6":{"name":"(anonymous_6)","decl":{"start":{"line":74,"column":55},"end":{"line":74,"column":56}},"loc":{"start":{"line":74,"column":67},"end":{"line":93,"column":5}},"line":74},"7":{"name":"(anonymous_7)","decl":{"start":{"line":95,"column":55},"end":{"line":95,"column":56}},"loc":{"start":{"line":95,"column":67},"end":{"line":114,"column":5}},"line":95}},"branchMap":{},"s":{"0":1,"1":1,"2":1,"3":1,"4":1,"5":1,"6":1,"7":1,"8":1,"9":1,"10":1,"11":1,"12":1,"13":4,"14":4,"15":4,"16":1,"17":1,"18":1,"19":1,"20":1,"21":1,"22":1,"23":1,"24":1,"25":1,"26":1,"27":1,"28":1,"29":1,"30":1,"31":1,"32":1,"33":1,"34":1,"35":1,"36":1,"37":1,"38":1,"39":1,"40":1,"41":1,"42":1,"43":1},"f":{"0":1,"1":1,"2":4,"3":1,"4":1,"5":1,"6":1,"7":1},"b":{},"_coverageSchema":"1a1c01bbd47fc00a2c39e90264f33305004495a9","hash":"fc6163da57680df726baf7dd738985b21f2dbb54","contentHash":"c0ef2d21ab8f314fbd02f21f24833b536da38ce444e28152677dad376ff815b2"}}